<?xml version="1.0" encoding="UTF-8"?>
<testsuite xmlns:xsi="http://www.w3.org/2001/XMLSchema-instance" xsi:noNamespaceSchemaLocation="https://maven.apache.org/surefire/maven-surefire-plugin/xsd/surefire-test-report-3.0.xsd" version="3.0" name="de.hsos.swa.mocktail.ECB.boundry.IngredientResourceTest" time="6.913" tests="6" errors="0" skipped="0" failures="0">
  <properties>
[...]
</properties>
  <testcase name="testAddIngredientToMocktail" classname="de.hsos.swa.mocktail.ECB.boundry.IngredientResourceTest" time="0.743">
    <system-out><![CDATA[2022-11-17 09:57:00,147 INFO  [io.quarkus] (main) code-with-quarkus 1.0.0-SNAPSHOT on JVM (powered by Quarkus 2.13.3.Final) started in 3.170s. Listening on: http://localhost:8081
2022-11-17 09:57:00,160 INFO  [io.quarkus] (main) Profile test activated. 
2022-11-17 09:57:00,161 INFO  [io.quarkus] (main) Installed features: [cdi, resteasy, resteasy-jsonb, smallrye-context-propagation, smallrye-openapi, swagger-ui, vertx]
]]></system-out>
  </testcase>
  <testcase name="testGetIngredients" classname="de.hsos.swa.mocktail.ECB.boundry.IngredientResourceTest" time="1.118"/>
  <testcase name="testCreateIngredient" classname="de.hsos.swa.mocktail.ECB.boundry.IngredientResourceTest" time="0.096"/>
  <testcase name="testDeleteIngredient" classname="de.hsos.swa.mocktail.ECB.boundry.IngredientResourceTest" time="0.039"/>
  <testcase name="testUpdateIngredient" classname="de.hsos.swa.mocktail.ECB.boundry.IngredientResourceTest" time="0.028"/>
  <testcase name="testGetIngredientById" classname="de.hsos.swa.mocktail.ECB.boundry.IngredientResourceTest" time="0.685"/>
</testsuite>