<?xml version="1.0" encoding="UTF-8"?>
<testsuite xmlns:xsi="http://www.w3.org/2001/XMLSchema-instance" xsi:noNamespaceSchemaLocation="https://maven.apache.org/surefire/maven-surefire-plugin/xsd/surefire-test-report-3.0.xsd" version="3.0" name="de.hsos.swa.mocktail.ECB.boundry.IngredientResourceTest" time="10.742" tests="6" errors="0" skipped="0" failures="0">
  <properties>
[...]
</properties>
  <testcase name="testAddIngredientToMocktail" classname="de.hsos.swa.mocktail.ECB.boundry.IngredientResourceTest" time="0.617">
    <system-out><![CDATA[2022-11-24 09:58:57,169 DEBUG [org.jbo.logging] (main) Logging Provider: org.jboss.logging.JBossLogManagerProvider
2022-11-24 09:58:57,747 DEBUG [org.ecl.aet.int.imp.DefaultLocalRepositoryProvider] (main) Using manager EnhancedLocalRepositoryManager with priority 10.0 for /Users/m.termzee/.m2/repository
2022-11-24 09:58:58,678 DEBUG [org.ecl.aet.int.imp.DefaultRemoteRepositoryManager] (main) Using mirror maven-default-http-blocker (http://0.0.0.0/) for apache.snapshots (http://repository.apache.org/snapshots).
2022-11-24 09:58:58,918 DEBUG [org.ecl.aet.int.imp.DefaultRemoteRepositoryManager] (main) Using mirror maven-default-http-blocker (http://0.0.0.0/) for ow2-snapshot (http://repository.ow2.org/nexus/content/repositories/snapshots).
2022-11-24 09:58:59,148 DEBUG [org.ecl.aet.int.imp.col.DefaultDependencyCollector] (main) Dependency collection stats {ConflictMarker.analyzeTime=3665282, ConflictMarker.markTime=4966440, ConflictMarker.nodeCount=1608, ConflictIdSorter.graphTime=5009699, ConflictIdSorter.topsortTime=1992369, ConflictIdSorter.conflictIdCount=233, ConflictIdSorter.conflictIdCycleCount=0, ConflictResolver.totalTime=41930408, ConflictResolver.conflictItemCount=585, DefaultDependencyCollector.collectTime=1163212689, DefaultDependencyCollector.transformTime=70756594}
2022-11-24 09:58:59,253 DEBUG [io.qua.boo.mod.ApplicationModelBuilder] (main) Extension io.quarkus:quarkus-jsonb:jar:2.13.3.Final is excluding javax.json.bind:javax.json.bind-api
2022-11-24 09:58:59,385 DEBUG [io.qua.boo.mod.ApplicationModelBuilder] (main) Extension io.quarkus:quarkus-core:jar:2.13.3.Final is excluding io.smallrye:smallrye-config
2022-11-24 09:58:59,386 DEBUG [io.qua.boo.mod.ApplicationModelBuilder] (main) Extension io.quarkus:quarkus-core:jar:2.13.3.Final is excluding javax.enterprise:cdi-api
2022-11-24 09:58:59,386 DEBUG [io.qua.boo.mod.ApplicationModelBuilder] (main) Extension io.quarkus:quarkus-core:jar:2.13.3.Final is excluding org.jboss.spec.javax.annotation:jboss-annotations-api_1.2_spec
2022-11-24 09:58:59,386 DEBUG [io.qua.boo.mod.ApplicationModelBuilder] (main) Extension io.quarkus:quarkus-core:jar:2.13.3.Final is excluding org.jboss.spec.javax.annotation:jboss-annotations-api_1.3_spec
2022-11-24 09:58:59,386 DEBUG [io.qua.boo.mod.ApplicationModelBuilder] (main) Extension io.quarkus:quarkus-core:jar:2.13.3.Final is excluding javax.inject:javax.inject
2022-11-24 09:58:59,386 DEBUG [io.qua.boo.mod.ApplicationModelBuilder] (main) Extension io.quarkus:quarkus-core:jar:2.13.3.Final is excluding org.jboss.spec.javax.interceptor:jboss-interceptors-api_1.2_spec
2022-11-24 09:58:59,386 DEBUG [io.qua.boo.mod.ApplicationModelBuilder] (main) Extension io.quarkus:quarkus-core:jar:2.13.3.Final is excluding org.glassfish:javax.el
2022-11-24 09:58:59,386 DEBUG [io.qua.boo.mod.ApplicationModelBuilder] (main) Extension io.quarkus:quarkus-core:jar:2.13.3.Final is excluding javax.annotation:javax.annotation-api
2022-11-24 09:58:59,387 DEBUG [io.qua.boo.mod.ApplicationModelBuilder] (main) Extension io.quarkus:quarkus-core:jar:2.13.3.Final is making io.quarkus:quarkus-junit4-mock a lesser priority artifact
2022-11-24 09:58:59,473 DEBUG [io.qua.boo.mod.ApplicationModelBuilder] (main) Extension io.quarkus:quarkus-resteasy-common:jar:2.13.3.Final is excluding javax.ws.rs:javax.ws.rs-api
2022-11-24 09:58:59,473 DEBUG [io.qua.boo.mod.ApplicationModelBuilder] (main) Extension io.quarkus:quarkus-resteasy-common:jar:2.13.3.Final is excluding javax.activation:javax.activation-api
2022-11-24 09:58:59,473 DEBUG [io.qua.boo.mod.ApplicationModelBuilder] (main) Extension io.quarkus:quarkus-resteasy-common:jar:2.13.3.Final is excluding javax.activation:activation
2022-11-24 09:58:59,473 DEBUG [io.qua.boo.mod.ApplicationModelBuilder] (main) Extension io.quarkus:quarkus-resteasy-common:jar:2.13.3.Final is excluding jakarta.ws.rs:jakarta.ws.rs-api
2022-11-24 09:58:59,476 DEBUG [io.qua.boo.mod.ApplicationModelBuilder] (main) Extension io.quarkus:quarkus-resteasy-common:jar:2.13.3.Final is excluding org.jboss.resteasy:resteasy-context-propagation
2022-11-24 09:58:59,513 DEBUG [io.qua.boo.mod.ApplicationModelBuilder] (main) Extension io.quarkus:quarkus-jsonp:jar:2.13.3.Final is excluding javax.json:javax.json-api
2022-11-24 09:58:59,514 DEBUG [io.qua.boo.mod.ApplicationModelBuilder] (main) Extension io.quarkus:quarkus-jsonp:jar:2.13.3.Final is excluding org.glassfish:javax.json
2022-11-24 09:58:59,645 DEBUG [io.qua.boo.res.mav.ApplicationDependencyTreeResolver] (main) Injecting deployment dependency io.quarkus:quarkus-resteasy-jsonb-deployment:jar:2.13.3.Final
2022-11-24 09:58:59,753 DEBUG [org.ecl.aet.int.imp.DefaultRemoteRepositoryManager] (main) Using mirror maven-default-http-blocker (http://0.0.0.0/) for jboss-public-repository-group (http://repository.jboss.org/nexus/content/groups/public/).
2022-11-24 09:58:59,890 DEBUG [org.ecl.aet.int.imp.col.DefaultDependencyCollector] (main) Dependency collection stats {ConflictMarker.analyzeTime=599064, ConflictMarker.markTime=197515, ConflictMarker.nodeCount=820, ConflictIdSorter.graphTime=374982, ConflictIdSorter.topsortTime=103097, ConflictIdSorter.conflictIdCount=162, ConflictIdSorter.conflictIdCycleCount=0, ConflictResolver.totalTime=13501015, ConflictResolver.conflictItemCount=390, DefaultDependencyCollector.collectTime=215346007, DefaultDependencyCollector.transformTime=14817204}
2022-11-24 09:58:59,890 DEBUG [io.qua.boo.res.mav.ApplicationDependencyTreeResolver] (main) Injecting deployment dependency io.quarkus:quarkus-resteasy-deployment:jar:2.13.3.Final
2022-11-24 09:58:59,920 DEBUG [org.ecl.aet.int.imp.col.DefaultDependencyCollector] (main) Dependency collection stats {ConflictMarker.analyzeTime=493215, ConflictMarker.markTime=195709, ConflictMarker.nodeCount=793, ConflictIdSorter.graphTime=273658, ConflictIdSorter.topsortTime=105456, ConflictIdSorter.conflictIdCount=149, ConflictIdSorter.conflictIdCycleCount=0, ConflictResolver.totalTime=4196637, ConflictResolver.conflictItemCount=363, DefaultDependencyCollector.collectTime=18939414, DefaultDependencyCollector.transformTime=5310057}
2022-11-24 09:58:59,920 DEBUG [io.qua.boo.res.mav.ApplicationDependencyTreeResolver] (main) Injecting deployment dependency io.quarkus:quarkus-arc-deployment:jar:2.13.3.Final
2022-11-24 09:58:59,934 DEBUG [org.ecl.aet.int.imp.col.DefaultDependencyCollector] (main) Dependency collection stats {ConflictMarker.analyzeTime=143854, ConflictMarker.markTime=65681, ConflictMarker.nodeCount=197, ConflictIdSorter.graphTime=78411, ConflictIdSorter.topsortTime=47200, ConflictIdSorter.conflictIdCount=86, ConflictIdSorter.conflictIdCycleCount=0, ConflictResolver.totalTime=1779646, ConflictResolver.conflictItemCount=196, DefaultDependencyCollector.collectTime=6841524, DefaultDependencyCollector.transformTime=2155475}
2022-11-24 09:58:59,934 DEBUG [io.qua.boo.res.mav.ApplicationDependencyTreeResolver] (main) Injecting deployment dependency io.quarkus:quarkus-smallrye-openapi-deployment:jar:2.13.3.Final
2022-11-24 09:59:00,019 DEBUG [org.ecl.aet.int.imp.col.DefaultDependencyCollector] (main) Dependency collection stats {ConflictMarker.analyzeTime=377991, ConflictMarker.markTime=171433, ConflictMarker.nodeCount=657, ConflictIdSorter.graphTime=239678, ConflictIdSorter.topsortTime=94921, ConflictIdSorter.conflictIdCount=141, ConflictIdSorter.conflictIdCycleCount=0, ConflictResolver.totalTime=3265080, ConflictResolver.conflictItemCount=354, DefaultDependencyCollector.collectTime=76004036, DefaultDependencyCollector.transformTime=4172059}
2022-11-24 09:59:00,020 DEBUG [io.qua.boo.res.mav.ApplicationDependencyTreeResolver] (main) Injecting deployment dependency io.quarkus:quarkus-rest-client-deployment:jar:2.13.3.Final
2022-11-24 09:59:00,096 DEBUG [org.ecl.aet.int.imp.col.DefaultDependencyCollector] (main) Dependency collection stats {ConflictMarker.analyzeTime=172839, ConflictMarker.markTime=86057, ConflictMarker.nodeCount=320, ConflictIdSorter.graphTime=99393, ConflictIdSorter.topsortTime=46641, ConflictIdSorter.conflictIdCount=115, ConflictIdSorter.conflictIdCycleCount=0, ConflictResolver.totalTime=4783072, ConflictResolver.conflictItemCount=272, DefaultDependencyCollector.collectTime=61987144, DefaultDependencyCollector.transformTime=5211689}
2022-11-24 09:59:00,096 DEBUG [io.qua.boo.res.mav.ApplicationDependencyTreeResolver] (main) Injecting deployment dependency io.quarkus:quarkus-rest-client-jackson-deployment:jar:2.13.3.Final
2022-11-24 09:59:00,159 DEBUG [org.ecl.aet.int.imp.col.DefaultDependencyCollector] (main) Dependency collection stats {ConflictMarker.analyzeTime=187683, ConflictMarker.markTime=93600, ConflictMarker.nodeCount=369, ConflictIdSorter.graphTime=105603, ConflictIdSorter.topsortTime=53429, ConflictIdSorter.conflictIdCount=133, ConflictIdSorter.conflictIdCycleCount=0, ConflictResolver.totalTime=1739460, ConflictResolver.conflictItemCount=317, DefaultDependencyCollector.collectTime=49632616, DefaultDependencyCollector.transformTime=2199583}
2022-11-24 09:59:00,222 DEBUG [io.qua.boo.res.mav.ApplicationDependencyTreeResolver] (main) Injecting deployment dependency io.quarkus:quarkus-logging-gelf-deployment:jar:2.13.3.Final
2022-11-24 09:59:00,235 DEBUG [org.ecl.aet.int.imp.col.DefaultDependencyCollector] (main) Dependency collection stats {ConflictMarker.analyzeTime=85852, ConflictMarker.markTime=38815, ConflictMarker.nodeCount=105, ConflictIdSorter.graphTime=32090, ConflictIdSorter.topsortTime=27955, ConflictIdSorter.conflictIdCount=59, ConflictIdSorter.conflictIdCycleCount=0, ConflictResolver.totalTime=381299, ConflictResolver.conflictItemCount=104, DefaultDependencyCollector.collectTime=4026336, DefaultDependencyCollector.transformTime=582666}
2022-11-24 09:59:00,235 DEBUG [io.qua.boo.res.mav.ApplicationDependencyTreeResolver] (main) Injecting deployment dependency io.quarkus:quarkus-smallrye-metrics-deployment:jar:2.13.3.Final
2022-11-24 09:59:00,273 DEBUG [org.ecl.aet.int.imp.col.DefaultDependencyCollector] (main) Dependency collection stats {ConflictMarker.analyzeTime=305298, ConflictMarker.markTime=165588, ConflictMarker.nodeCount=669, ConflictIdSorter.graphTime=214957, ConflictIdSorter.topsortTime=57775, ConflictIdSorter.conflictIdCount=143, ConflictIdSorter.conflictIdCycleCount=0, ConflictResolver.totalTime=1814326, ConflictResolver.conflictItemCount=345, DefaultDependencyCollector.collectTime=18951114, DefaultDependencyCollector.transformTime=2580106}
2022-11-24 09:59:00,273 DEBUG [io.qua.boo.res.mav.ApplicationDependencyTreeResolver] (main) Injecting deployment dependency io.quarkus:quarkus-smallrye-fault-tolerance-deployment:jar:2.13.3.Final
2022-11-24 09:59:00,287 DEBUG [org.ecl.aet.int.imp.col.DefaultDependencyCollector] (main) Dependency collection stats {ConflictMarker.analyzeTime=126995, ConflictMarker.markTime=74963, ConflictMarker.nodeCount=301, ConflictIdSorter.graphTime=92434, ConflictIdSorter.topsortTime=40644, ConflictIdSorter.conflictIdCount=103, ConflictIdSorter.conflictIdCycleCount=0, ConflictResolver.totalTime=947302, ConflictResolver.conflictItemCount=257, DefaultDependencyCollector.collectTime=2838637, DefaultDependencyCollector.transformTime=1298056}
2022-11-24 09:59:00,480 DEBUG [io.qua.boo.cla.QuarkusClassLoader] (main) Adding elements io.quarkus.bootstrap.classloading.PathTreeClassPathElement@5ec9eefa to QuarkusClassLoader Quarkus Base Runtime ClassLoader: TEST
2022-11-24 09:59:00,480 DEBUG [io.qua.boo.cla.QuarkusClassLoader] (main) Adding elements io.quarkus.bootstrap.classloading.PathTreeClassPathElement@28b8f98a to QuarkusClassLoader Quarkus Base Runtime ClassLoader: TEST
2022-11-24 09:59:00,481 DEBUG [io.qua.boo.cla.QuarkusClassLoader] (main) Adding elements io.quarkus.bootstrap.classloading.PathTreeClassPathElement@3b4ef59f to QuarkusClassLoader Quarkus Base Runtime ClassLoader: TEST
2022-11-24 09:59:00,489 DEBUG [io.qua.boo.cla.QuarkusClassLoader] (main) Adding elements io.quarkus.bootstrap.classloading.PathTreeClassPathElement@22cb3d59 to QuarkusClassLoader Quarkus Base Runtime ClassLoader: TEST
2022-11-24 09:59:00,489 DEBUG [io.qua.boo.cla.QuarkusClassLoader] (main) Adding elements io.quarkus.bootstrap.classloading.PathTreeClassPathElement@33e4b9c4 to QuarkusClassLoader Quarkus Base Runtime ClassLoader: TEST
2022-11-24 09:59:00,490 DEBUG [io.qua.boo.cla.QuarkusClassLoader] (main) Adding parent first element io.quarkus.bootstrap.classloading.PathTreeClassPathElement@5cff729b to QuarkusClassLoader Quarkus Base Runtime ClassLoader: TEST
2022-11-24 09:59:00,490 DEBUG [io.qua.boo.cla.QuarkusClassLoader] (main) Adding elements io.quarkus.bootstrap.classloading.PathTreeClassPathElement@5cff729b to QuarkusClassLoader Quarkus Base Runtime ClassLoader: TEST
2022-11-24 09:59:00,490 DEBUG [io.qua.boo.cla.QuarkusClassLoader] (main) Adding elements io.quarkus.bootstrap.classloading.PathTreeClassPathElement@10d18696 to QuarkusClassLoader Quarkus Base Runtime ClassLoader: TEST
2022-11-24 09:59:00,490 DEBUG [io.qua.boo.cla.QuarkusClassLoader] (main) Adding elements io.quarkus.bootstrap.classloading.PathTreeClassPathElement@6b8b5020 to QuarkusClassLoader Quarkus Base Runtime ClassLoader: TEST
2022-11-24 09:59:00,491 DEBUG [io.qua.boo.cla.QuarkusClassLoader] (main) Adding elements io.quarkus.bootstrap.classloading.PathTreeClassPathElement@7d37ee0c to QuarkusClassLoader Quarkus Base Runtime ClassLoader: TEST
2022-11-24 09:59:00,491 DEBUG [io.qua.boo.cla.QuarkusClassLoader] (main) Adding elements io.quarkus.bootstrap.classloading.PathTreeClassPathElement@5a7b309b to QuarkusClassLoader Quarkus Base Runtime ClassLoader: TEST
2022-11-24 09:59:00,493 DEBUG [io.qua.boo.cla.QuarkusClassLoader] (main) Adding elements io.quarkus.bootstrap.classloading.PathTreeClassPathElement@4602f874 to QuarkusClassLoader Quarkus Base Runtime ClassLoader: TEST
2022-11-24 09:59:00,493 DEBUG [io.qua.boo.cla.QuarkusClassLoader] (main) Adding elements io.quarkus.bootstrap.classloading.PathTreeClassPathElement@7739aac4 to QuarkusClassLoader Quarkus Base Runtime ClassLoader: TEST
2022-11-24 09:59:00,494 DEBUG [io.qua.boo.cla.QuarkusClassLoader] (main) Adding elements io.quarkus.bootstrap.classloading.PathTreeClassPathElement@353c6da1 to QuarkusClassLoader Quarkus Base Runtime ClassLoader: TEST
2022-11-24 09:59:00,503 DEBUG [io.qua.boo.cla.QuarkusClassLoader] (main) Adding elements io.quarkus.bootstrap.classloading.PathTreeClassPathElement@36c07c75 to QuarkusClassLoader Quarkus Base Runtime ClassLoader: TEST
2022-11-24 09:59:00,505 DEBUG [io.qua.boo.cla.QuarkusClassLoader] (main) Adding elements io.quarkus.bootstrap.classloading.PathTreeClassPathElement@6750e381 to QuarkusClassLoader Quarkus Base Runtime ClassLoader: TEST
2022-11-24 09:59:00,505 DEBUG [io.qua.boo.cla.QuarkusClassLoader] (main) Adding elements io.quarkus.bootstrap.classloading.PathTreeClassPathElement@5d850a25 to QuarkusClassLoader Quarkus Base Runtime ClassLoader: TEST
2022-11-24 09:59:00,506 DEBUG [io.qua.boo.cla.QuarkusClassLoader] (main) Adding elements io.quarkus.bootstrap.classloading.PathTreeClassPathElement@b022551 to QuarkusClassLoader Quarkus Base Runtime ClassLoader: TEST
2022-11-24 09:59:00,506 DEBUG [io.qua.boo.cla.QuarkusClassLoader] (main) Adding elements io.quarkus.bootstrap.classloading.PathTreeClassPathElement@3e14d390 to QuarkusClassLoader Quarkus Base Runtime ClassLoader: TEST
2022-11-24 09:59:00,506 DEBUG [io.qua.boo.cla.QuarkusClassLoader] (main) Adding elements io.quarkus.bootstrap.classloading.PathTreeClassPathElement@5eb87338 to QuarkusClassLoader Quarkus Base Runtime ClassLoader: TEST
2022-11-24 09:59:00,506 DEBUG [io.qua.boo.cla.QuarkusClassLoader] (main) Adding elements io.quarkus.bootstrap.classloading.PathTreeClassPathElement@2b999ee8 to QuarkusClassLoader Quarkus Base Runtime ClassLoader: TEST
2022-11-24 09:59:00,507 DEBUG [io.qua.boo.cla.QuarkusClassLoader] (main) Adding elements io.quarkus.bootstrap.classloading.PathTreeClassPathElement@31ab1e67 to QuarkusClassLoader Quarkus Base Runtime ClassLoader: TEST
2022-11-24 09:59:00,510 DEBUG [io.qua.boo.cla.QuarkusClassLoader] (main) Adding elements io.quarkus.bootstrap.classloading.PathTreeClassPathElement@29bbc391 to QuarkusClassLoader Quarkus Base Runtime ClassLoader: TEST
2022-11-24 09:59:00,510 DEBUG [io.qua.boo.cla.QuarkusClassLoader] (main) Adding elements io.quarkus.bootstrap.classloading.PathTreeClassPathElement@3487442d to QuarkusClassLoader Quarkus Base Runtime ClassLoader: TEST
2022-11-24 09:59:00,511 DEBUG [io.qua.boo.cla.QuarkusClassLoader] (main) Adding elements io.quarkus.bootstrap.classloading.PathTreeClassPathElement@530ee28b to QuarkusClassLoader Quarkus Base Runtime ClassLoader: TEST
2022-11-24 09:59:00,511 DEBUG [io.qua.boo.cla.QuarkusClassLoader] (main) Adding elements io.quarkus.bootstrap.classloading.PathTreeClassPathElement@3a3f96ab to QuarkusClassLoader Quarkus Base Runtime ClassLoader: TEST
2022-11-24 09:59:00,514 DEBUG [io.qua.boo.cla.QuarkusClassLoader] (main) Adding elements io.quarkus.bootstrap.classloading.PathTreeClassPathElement@4def7d36 to QuarkusClassLoader Quarkus Base Runtime ClassLoader: TEST
2022-11-24 09:59:00,517 DEBUG [io.qua.boo.cla.QuarkusClassLoader] (main) Adding elements io.quarkus.bootstrap.classloading.PathTreeClassPathElement@43c7fe8a to QuarkusClassLoader Quarkus Base Runtime ClassLoader: TEST
2022-11-24 09:59:00,517 DEBUG [io.qua.boo.cla.QuarkusClassLoader] (main) Adding elements io.quarkus.bootstrap.classloading.PathTreeClassPathElement@67f946c3 to QuarkusClassLoader Quarkus Base Runtime ClassLoader: TEST
2022-11-24 09:59:00,518 DEBUG [io.qua.boo.cla.QuarkusClassLoader] (main) Adding elements io.quarkus.bootstrap.classloading.PathTreeClassPathElement@21b51e59 to QuarkusClassLoader Quarkus Base Runtime ClassLoader: TEST
2022-11-24 09:59:00,518 DEBUG [io.qua.boo.cla.QuarkusClassLoader] (main) Adding elements io.quarkus.bootstrap.classloading.PathTreeClassPathElement@1785d194 to QuarkusClassLoader Quarkus Base Runtime ClassLoader: TEST
2022-11-24 09:59:00,518 DEBUG [io.qua.boo.cla.QuarkusClassLoader] (main) Adding elements io.quarkus.bootstrap.classloading.PathTreeClassPathElement@6b4a4e40 to QuarkusClassLoader Quarkus Base Runtime ClassLoader: TEST
2022-11-24 09:59:00,519 DEBUG [io.qua.boo.cla.QuarkusClassLoader] (main) Adding elements io.quarkus.bootstrap.classloading.PathTreeClassPathElement@46a8c2b4 to QuarkusClassLoader Quarkus Base Runtime ClassLoader: TEST
2022-11-24 09:59:00,519 DEBUG [io.qua.boo.cla.QuarkusClassLoader] (main) Adding elements io.quarkus.bootstrap.classloading.PathTreeClassPathElement@4f664bee to QuarkusClassLoader Quarkus Base Runtime ClassLoader: TEST
2022-11-24 09:59:00,520 DEBUG [io.qua.boo.cla.QuarkusClassLoader] (main) Adding elements io.quarkus.bootstrap.classloading.PathTreeClassPathElement@76563ae7 to QuarkusClassLoader Quarkus Base Runtime ClassLoader: TEST
2022-11-24 09:59:00,520 DEBUG [io.qua.boo.cla.QuarkusClassLoader] (main) Adding elements io.quarkus.bootstrap.classloading.PathTreeClassPathElement@4fd74223 to QuarkusClassLoader Quarkus Base Runtime ClassLoader: TEST
2022-11-24 09:59:00,521 DEBUG [io.qua.boo.cla.QuarkusClassLoader] (main) Adding elements io.quarkus.bootstrap.classloading.PathTreeClassPathElement@4fea840f to QuarkusClassLoader Quarkus Base Runtime ClassLoader: TEST
2022-11-24 09:59:00,521 DEBUG [io.qua.boo.cla.QuarkusClassLoader] (main) Adding parent first element io.quarkus.bootstrap.classloading.PathTreeClassPathElement@32ae8f27 to QuarkusClassLoader Quarkus Base Runtime ClassLoader: TEST
2022-11-24 09:59:00,521 DEBUG [io.qua.boo.cla.QuarkusClassLoader] (main) Adding elements io.quarkus.bootstrap.classloading.PathTreeClassPathElement@32ae8f27 to QuarkusClassLoader Quarkus Base Runtime ClassLoader: TEST
2022-11-24 09:59:00,521 DEBUG [io.qua.boo.cla.QuarkusClassLoader] (main) Adding elements io.quarkus.bootstrap.classloading.PathTreeClassPathElement@75e80a97 to QuarkusClassLoader Quarkus Base Runtime ClassLoader: TEST
2022-11-24 09:59:00,521 DEBUG [io.qua.boo.cla.QuarkusClassLoader] (main) Adding elements io.quarkus.bootstrap.classloading.PathTreeClassPathElement@5b8853 to QuarkusClassLoader Quarkus Base Runtime ClassLoader: TEST
2022-11-24 09:59:00,522 DEBUG [io.qua.boo.cla.QuarkusClassLoader] (main) Adding elements io.quarkus.bootstrap.classloading.PathTreeClassPathElement@1b8aaeab to QuarkusClassLoader Quarkus Base Runtime ClassLoader: TEST
2022-11-24 09:59:00,522 DEBUG [io.qua.boo.cla.QuarkusClassLoader] (main) Adding elements io.quarkus.bootstrap.classloading.PathTreeClassPathElement@5d1bdd4a to QuarkusClassLoader Quarkus Base Runtime ClassLoader: TEST
2022-11-24 09:59:00,522 DEBUG [io.qua.boo.cla.QuarkusClassLoader] (main) Adding elements io.quarkus.bootstrap.classloading.PathTreeClassPathElement@6812c8cc to QuarkusClassLoader Quarkus Base Runtime ClassLoader: TEST
2022-11-24 09:59:00,523 DEBUG [io.qua.boo.cla.QuarkusClassLoader] (main) Adding elements io.quarkus.bootstrap.classloading.PathTreeClassPathElement@3457cc8d to QuarkusClassLoader Quarkus Base Runtime ClassLoader: TEST
2022-11-24 09:59:00,523 DEBUG [io.qua.boo.cla.QuarkusClassLoader] (main) Adding elements io.quarkus.bootstrap.classloading.PathTreeClassPathElement@7a66c35a to QuarkusClassLoader Quarkus Base Runtime ClassLoader: TEST
2022-11-24 09:59:00,523 DEBUG [io.qua.boo.cla.QuarkusClassLoader] (main) Adding elements io.quarkus.bootstrap.classloading.PathTreeClassPathElement@7994a0d1 to QuarkusClassLoader Quarkus Base Runtime ClassLoader: TEST
2022-11-24 09:59:00,523 DEBUG [io.qua.boo.cla.QuarkusClassLoader] (main) Adding elements io.quarkus.bootstrap.classloading.PathTreeClassPathElement@73e4387 to QuarkusClassLoader Quarkus Base Runtime ClassLoader: TEST
2022-11-24 09:59:00,523 DEBUG [io.qua.boo.cla.QuarkusClassLoader] (main) Adding elements io.quarkus.bootstrap.classloading.PathTreeClassPathElement@d87d449 to QuarkusClassLoader Quarkus Base Runtime ClassLoader: TEST
2022-11-24 09:59:00,524 DEBUG [io.qua.boo.cla.QuarkusClassLoader] (main) Adding elements io.quarkus.bootstrap.classloading.PathTreeClassPathElement@4137aab0 to QuarkusClassLoader Quarkus Base Runtime ClassLoader: TEST
2022-11-24 09:59:00,524 DEBUG [io.qua.boo.cla.QuarkusClassLoader] (main) Adding elements io.quarkus.bootstrap.classloading.PathTreeClassPathElement@1df9186f to QuarkusClassLoader Quarkus Base Runtime ClassLoader: TEST
2022-11-24 09:59:00,524 DEBUG [io.qua.boo.cla.QuarkusClassLoader] (main) Adding elements io.quarkus.bootstrap.classloading.PathTreeClassPathElement@682e422c to QuarkusClassLoader Quarkus Base Runtime ClassLoader: TEST
2022-11-24 09:59:00,527 DEBUG [io.qua.boo.cla.QuarkusClassLoader] (main) Adding elements io.quarkus.bootstrap.classloading.PathTreeClassPathElement@5bb8e6fc to QuarkusClassLoader Quarkus Base Runtime ClassLoader: TEST
2022-11-24 09:59:00,527 DEBUG [io.qua.boo.cla.QuarkusClassLoader] (main) Adding elements io.quarkus.bootstrap.classloading.PathTreeClassPathElement@2726a511 to QuarkusClassLoader Quarkus Base Runtime ClassLoader: TEST
2022-11-24 09:59:00,528 DEBUG [io.qua.boo.cla.QuarkusClassLoader] (main) Adding elements io.quarkus.bootstrap.classloading.PathTreeClassPathElement@72c9ebfa to QuarkusClassLoader Quarkus Base Runtime ClassLoader: TEST
2022-11-24 09:59:00,529 DEBUG [io.qua.boo.cla.QuarkusClassLoader] (main) Adding elements io.quarkus.bootstrap.classloading.PathTreeClassPathElement@686cf8ad to QuarkusClassLoader Quarkus Base Runtime ClassLoader: TEST
2022-11-24 09:59:00,535 DEBUG [io.qua.boo.cla.QuarkusClassLoader] (main) Adding elements io.quarkus.bootstrap.classloading.PathTreeClassPathElement@747f6c5a to QuarkusClassLoader Quarkus Base Runtime ClassLoader: TEST
2022-11-24 09:59:00,535 DEBUG [io.qua.boo.cla.QuarkusClassLoader] (main) Adding elements io.quarkus.bootstrap.classloading.PathTreeClassPathElement@66e341e9 to QuarkusClassLoader Quarkus Base Runtime ClassLoader: TEST
2022-11-24 09:59:00,536 DEBUG [io.qua.boo.cla.QuarkusClassLoader] (main) Adding elements io.quarkus.bootstrap.classloading.PathTreeClassPathElement@5b48f0f4 to QuarkusClassLoader Quarkus Base Runtime ClassLoader: TEST
2022-11-24 09:59:00,536 DEBUG [io.qua.boo.cla.QuarkusClassLoader] (main) Adding elements io.quarkus.bootstrap.classloading.PathTreeClassPathElement@546ed2a0 to QuarkusClassLoader Quarkus Base Runtime ClassLoader: TEST
2022-11-24 09:59:00,537 DEBUG [io.qua.boo.cla.QuarkusClassLoader] (main) Adding elements io.quarkus.bootstrap.classloading.PathTreeClassPathElement@5bfc79cb to QuarkusClassLoader Quarkus Base Runtime ClassLoader: TEST
2022-11-24 09:59:00,537 DEBUG [io.qua.boo.cla.QuarkusClassLoader] (main) Adding elements io.quarkus.bootstrap.classloading.PathTreeClassPathElement@27ec8754 to QuarkusClassLoader Quarkus Base Runtime ClassLoader: TEST
2022-11-24 09:59:00,538 DEBUG [io.qua.boo.cla.QuarkusClassLoader] (main) Adding elements io.quarkus.bootstrap.classloading.PathTreeClassPathElement@3bbf1c0d to QuarkusClassLoader Quarkus Base Runtime ClassLoader: TEST
2022-11-24 09:59:00,538 DEBUG [io.qua.boo.cla.QuarkusClassLoader] (main) Adding elements io.quarkus.bootstrap.classloading.PathTreeClassPathElement@19662208 to QuarkusClassLoader Quarkus Base Runtime ClassLoader: TEST
2022-11-24 09:59:00,538 DEBUG [io.qua.boo.cla.QuarkusClassLoader] (main) Adding parent first element io.quarkus.bootstrap.classloading.PathTreeClassPathElement@216c22ce to QuarkusClassLoader Quarkus Base Runtime ClassLoader: TEST
2022-11-24 09:59:00,538 DEBUG [io.qua.boo.cla.QuarkusClassLoader] (main) Adding elements io.quarkus.bootstrap.classloading.PathTreeClassPathElement@216c22ce to QuarkusClassLoader Quarkus Base Runtime ClassLoader: TEST
2022-11-24 09:59:00,538 DEBUG [io.qua.boo.cla.QuarkusClassLoader] (main) Adding elements io.quarkus.bootstrap.classloading.PathTreeClassPathElement@62f9c790 to QuarkusClassLoader Quarkus Base Runtime ClassLoader: TEST
2022-11-24 09:59:00,539 DEBUG [io.qua.boo.cla.QuarkusClassLoader] (main) Adding elements io.quarkus.bootstrap.classloading.PathTreeClassPathElement@21e5f0b6 to QuarkusClassLoader Quarkus Base Runtime ClassLoader: TEST
2022-11-24 09:59:00,539 DEBUG [io.qua.boo.cla.QuarkusClassLoader] (main) Adding elements io.quarkus.bootstrap.classloading.PathTreeClassPathElement@93bf0e0 to QuarkusClassLoader Quarkus Base Runtime ClassLoader: TEST
2022-11-24 09:59:00,539 DEBUG [io.qua.boo.cla.QuarkusClassLoader] (main) Adding elements io.quarkus.bootstrap.classloading.PathTreeClassPathElement@4981d95b to QuarkusClassLoader Quarkus Base Runtime ClassLoader: TEST
2022-11-24 09:59:00,539 DEBUG [io.qua.boo.cla.QuarkusClassLoader] (main) Adding elements io.quarkus.bootstrap.classloading.PathTreeClassPathElement@656842bc to QuarkusClassLoader Quarkus Base Runtime ClassLoader: TEST
2022-11-24 09:59:00,540 DEBUG [io.qua.boo.cla.QuarkusClassLoader] (main) Adding elements io.quarkus.bootstrap.classloading.PathTreeClassPathElement@6b867ee7 to QuarkusClassLoader Quarkus Base Runtime ClassLoader: TEST
2022-11-24 09:59:00,540 DEBUG [io.qua.boo.cla.QuarkusClassLoader] (main) Adding parent first element io.quarkus.bootstrap.classloading.PathTreeClassPathElement@3dec3f87 to QuarkusClassLoader Quarkus Base Runtime ClassLoader: TEST
2022-11-24 09:59:00,540 DEBUG [io.qua.boo.cla.QuarkusClassLoader] (main) Adding elements io.quarkus.bootstrap.classloading.PathTreeClassPathElement@3dec3f87 to QuarkusClassLoader Quarkus Base Runtime ClassLoader: TEST
2022-11-24 09:59:00,544 DEBUG [io.qua.boo.cla.QuarkusClassLoader] (main) Adding elements io.quarkus.bootstrap.classloading.PathTreeClassPathElement@7a606260 to QuarkusClassLoader Quarkus Base Runtime ClassLoader: TEST
2022-11-24 09:59:00,545 DEBUG [io.qua.boo.cla.QuarkusClassLoader] (main) Adding elements io.quarkus.bootstrap.classloading.PathTreeClassPathElement@5dbab232 to QuarkusClassLoader Quarkus Base Runtime ClassLoader: TEST
2022-11-24 09:59:00,546 DEBUG [io.qua.boo.cla.QuarkusClassLoader] (main) Adding parent first element io.quarkus.bootstrap.classloading.PathTreeClassPathElement@5939e24 to QuarkusClassLoader Quarkus Base Runtime ClassLoader: TEST
2022-11-24 09:59:00,546 DEBUG [io.qua.boo.cla.QuarkusClassLoader] (main) Adding elements io.quarkus.bootstrap.classloading.PathTreeClassPathElement@5939e24 to QuarkusClassLoader Quarkus Base Runtime ClassLoader: TEST
2022-11-24 09:59:00,546 DEBUG [io.qua.boo.cla.QuarkusClassLoader] (main) Adding parent first element io.quarkus.bootstrap.classloading.PathTreeClassPathElement@595f9916 to QuarkusClassLoader Quarkus Base Runtime ClassLoader: TEST
2022-11-24 09:59:00,546 DEBUG [io.qua.boo.cla.QuarkusClassLoader] (main) Adding elements io.quarkus.bootstrap.classloading.PathTreeClassPathElement@595f9916 to QuarkusClassLoader Quarkus Base Runtime ClassLoader: TEST
2022-11-24 09:59:00,546 DEBUG [io.qua.boo.cla.QuarkusClassLoader] (main) Adding parent first element io.quarkus.bootstrap.classloading.PathTreeClassPathElement@2055833f to QuarkusClassLoader Quarkus Base Runtime ClassLoader: TEST
2022-11-24 09:59:00,547 DEBUG [io.qua.boo.cla.QuarkusClassLoader] (main) Adding elements io.quarkus.bootstrap.classloading.PathTreeClassPathElement@2055833f to QuarkusClassLoader Quarkus Base Runtime ClassLoader: TEST
2022-11-24 09:59:00,548 DEBUG [io.qua.boo.cla.QuarkusClassLoader] (main) Adding parent first element io.quarkus.bootstrap.classloading.PathTreeClassPathElement@28768e25 to QuarkusClassLoader Quarkus Base Runtime ClassLoader: TEST
2022-11-24 09:59:00,548 DEBUG [io.qua.boo.cla.QuarkusClassLoader] (main) Adding elements io.quarkus.bootstrap.classloading.PathTreeClassPathElement@28768e25 to QuarkusClassLoader Quarkus Base Runtime ClassLoader: TEST
2022-11-24 09:59:00,548 DEBUG [io.qua.boo.cla.QuarkusClassLoader] (main) Adding parent first element io.quarkus.bootstrap.classloading.PathTreeClassPathElement@310d57b1 to QuarkusClassLoader Quarkus Base Runtime ClassLoader: TEST
2022-11-24 09:59:00,551 DEBUG [io.qua.boo.cla.QuarkusClassLoader] (main) Adding elements io.quarkus.bootstrap.classloading.PathTreeClassPathElement@310d57b1 to QuarkusClassLoader Quarkus Base Runtime ClassLoader: TEST
2022-11-24 09:59:00,551 DEBUG [io.qua.boo.cla.QuarkusClassLoader] (main) Adding elements io.quarkus.bootstrap.classloading.PathTreeClassPathElement@143fefaf to QuarkusClassLoader Quarkus Base Runtime ClassLoader: TEST
2022-11-24 09:59:00,551 DEBUG [io.qua.boo.cla.QuarkusClassLoader] (main) Adding elements io.quarkus.bootstrap.classloading.PathTreeClassPathElement@18ffca6c to QuarkusClassLoader Quarkus Base Runtime ClassLoader: TEST
2022-11-24 09:59:00,552 DEBUG [io.qua.boo.cla.QuarkusClassLoader] (main) Adding elements io.quarkus.bootstrap.classloading.PathTreeClassPathElement@46468f0 to QuarkusClassLoader Quarkus Base Runtime ClassLoader: TEST
2022-11-24 09:59:00,552 DEBUG [io.qua.boo.cla.QuarkusClassLoader] (main) Adding elements io.quarkus.bootstrap.classloading.PathTreeClassPathElement@5f8f1712 to QuarkusClassLoader Quarkus Base Runtime ClassLoader: TEST
2022-11-24 09:59:00,552 DEBUG [io.qua.boo.cla.QuarkusClassLoader] (main) Adding elements io.quarkus.bootstrap.classloading.PathTreeClassPathElement@34a6d9db to QuarkusClassLoader Quarkus Base Runtime ClassLoader: TEST
2022-11-24 09:59:00,553 DEBUG [io.qua.boo.cla.QuarkusClassLoader] (main) Adding elements io.quarkus.bootstrap.classloading.PathTreeClassPathElement@52ecc989 to QuarkusClassLoader Quarkus Base Runtime ClassLoader: TEST
2022-11-24 09:59:00,553 DEBUG [io.qua.boo.cla.QuarkusClassLoader] (main) Adding elements io.quarkus.bootstrap.classloading.PathTreeClassPathElement@756808cc to QuarkusClassLoader Quarkus Base Runtime ClassLoader: TEST
2022-11-24 09:59:00,553 DEBUG [io.qua.boo.cla.QuarkusClassLoader] (main) Adding elements io.quarkus.bootstrap.classloading.PathTreeClassPathElement@52f8a6f4 to QuarkusClassLoader Quarkus Base Runtime ClassLoader: TEST
2022-11-24 09:59:00,554 DEBUG [io.qua.boo.cla.QuarkusClassLoader] (main) Adding elements io.quarkus.bootstrap.classloading.PathTreeClassPathElement@5012c571 to QuarkusClassLoader Quarkus Base Runtime ClassLoader: TEST
2022-11-24 09:59:00,554 DEBUG [io.qua.boo.cla.QuarkusClassLoader] (main) Adding elements io.quarkus.bootstrap.classloading.PathTreeClassPathElement@6486fe7b to QuarkusClassLoader Quarkus Base Runtime ClassLoader: TEST
2022-11-24 09:59:00,554 DEBUG [io.qua.boo.cla.QuarkusClassLoader] (main) Adding elements io.quarkus.bootstrap.classloading.PathTreeClassPathElement@511da44f to QuarkusClassLoader Quarkus Base Runtime ClassLoader: TEST
2022-11-24 09:59:00,554 DEBUG [io.qua.boo.cla.QuarkusClassLoader] (main) Adding elements io.quarkus.bootstrap.classloading.PathTreeClassPathElement@4645679e to QuarkusClassLoader Quarkus Base Runtime ClassLoader: TEST
2022-11-24 09:59:00,555 DEBUG [io.qua.boo.cla.QuarkusClassLoader] (main) Adding elements io.quarkus.bootstrap.classloading.PathTreeClassPathElement@3a0b6a to QuarkusClassLoader Quarkus Base Runtime ClassLoader: TEST
2022-11-24 09:59:00,555 DEBUG [io.qua.boo.cla.QuarkusClassLoader] (main) Adding elements io.quarkus.bootstrap.classloading.PathTreeClassPathElement@539c4830 to QuarkusClassLoader Quarkus Base Runtime ClassLoader: TEST
2022-11-24 09:59:00,555 DEBUG [io.qua.boo.cla.QuarkusClassLoader] (main) Adding elements io.quarkus.bootstrap.classloading.PathTreeClassPathElement@6f1fa1d0 to QuarkusClassLoader Quarkus Base Runtime ClassLoader: TEST
2022-11-24 09:59:00,556 DEBUG [io.qua.boo.cla.QuarkusClassLoader] (main) Adding elements io.quarkus.bootstrap.classloading.PathTreeClassPathElement@28b523a to QuarkusClassLoader Quarkus Base Runtime ClassLoader: TEST
2022-11-24 09:59:00,556 DEBUG [io.qua.boo.cla.QuarkusClassLoader] (main) Adding elements io.quarkus.bootstrap.classloading.PathTreeClassPathElement@52ba685a to QuarkusClassLoader Quarkus Base Runtime ClassLoader: TEST
2022-11-24 09:59:00,557 DEBUG [io.qua.boo.cla.QuarkusClassLoader] (main) Adding elements io.quarkus.bootstrap.classloading.PathTreeClassPathElement@63d677f5 to QuarkusClassLoader Quarkus Base Runtime ClassLoader: TEST
2022-11-24 09:59:00,557 DEBUG [io.qua.boo.cla.QuarkusClassLoader] (main) Adding elements io.quarkus.bootstrap.classloading.PathTreeClassPathElement@71d55b7e to QuarkusClassLoader Quarkus Base Runtime ClassLoader: TEST
2022-11-24 09:59:00,557 DEBUG [io.qua.boo.cla.QuarkusClassLoader] (main) Adding elements io.quarkus.bootstrap.classloading.PathTreeClassPathElement@2997ddfc to QuarkusClassLoader Quarkus Base Runtime ClassLoader: TEST
2022-11-24 09:59:00,557 DEBUG [io.qua.boo.cla.QuarkusClassLoader] (main) Adding elements io.quarkus.bootstrap.classloading.PathTreeClassPathElement@28ee882c to QuarkusClassLoader Quarkus Base Runtime ClassLoader: TEST
2022-11-24 09:59:00,558 DEBUG [io.qua.boo.cla.QuarkusClassLoader] (main) Adding elements io.quarkus.bootstrap.classloading.PathTreeClassPathElement@78d73b1b to QuarkusClassLoader Quarkus Base Runtime ClassLoader: TEST
2022-11-24 09:59:00,558 DEBUG [io.qua.boo.cla.QuarkusClassLoader] (main) Adding elements io.quarkus.bootstrap.classloading.PathTreeClassPathElement@238291d4 to QuarkusClassLoader Quarkus Base Runtime ClassLoader: TEST
2022-11-24 09:59:00,564 DEBUG [io.qua.boo.cla.QuarkusClassLoader] (main) Adding elements io.quarkus.bootstrap.classloading.PathTreeClassPathElement@34edd065 to QuarkusClassLoader Quarkus Base Runtime ClassLoader: TEST
2022-11-24 09:59:00,564 DEBUG [io.qua.boo.cla.QuarkusClassLoader] (main) Adding elements io.quarkus.bootstrap.classloading.PathTreeClassPathElement@681e913c to QuarkusClassLoader Quarkus Base Runtime ClassLoader: TEST
2022-11-24 09:59:00,565 DEBUG [io.qua.boo.cla.QuarkusClassLoader] (main) Adding elements io.quarkus.bootstrap.classloading.PathTreeClassPathElement@29d070c7 to QuarkusClassLoader Quarkus Base Runtime ClassLoader: TEST
2022-11-24 09:59:00,568 DEBUG [io.qua.boo.cla.QuarkusClassLoader] (main) Adding elements io.quarkus.bootstrap.classloading.PathTreeClassPathElement@1eeb5818 to QuarkusClassLoader Quarkus Base Runtime ClassLoader: TEST
2022-11-24 09:59:00,569 DEBUG [io.qua.boo.cla.QuarkusClassLoader] (main) Adding elements io.quarkus.bootstrap.classloading.PathTreeClassPathElement@44dfdd58 to QuarkusClassLoader Quarkus Base Runtime ClassLoader: TEST
2022-11-24 09:59:00,569 DEBUG [io.qua.boo.cla.QuarkusClassLoader] (main) Adding elements io.quarkus.bootstrap.classloading.PathTreeClassPathElement@58d4238e to QuarkusClassLoader Quarkus Base Runtime ClassLoader: TEST
2022-11-24 09:59:00,569 DEBUG [io.qua.boo.cla.QuarkusClassLoader] (main) Adding elements io.quarkus.bootstrap.classloading.PathTreeClassPathElement@72a8361b to QuarkusClassLoader Quarkus Base Runtime ClassLoader: TEST
2022-11-24 09:59:00,570 DEBUG [io.qua.boo.cla.QuarkusClassLoader] (main) Adding elements io.quarkus.bootstrap.classloading.PathTreeClassPathElement@36478bce to QuarkusClassLoader Quarkus Base Runtime ClassLoader: TEST
2022-11-24 09:59:00,570 DEBUG [io.qua.boo.cla.QuarkusClassLoader] (main) Adding elements io.quarkus.bootstrap.classloading.PathTreeClassPathElement@c48b543 to QuarkusClassLoader Quarkus Base Runtime ClassLoader: TEST
2022-11-24 09:59:00,570 DEBUG [io.qua.boo.cla.QuarkusClassLoader] (main) Adding elements io.quarkus.bootstrap.classloading.PathTreeClassPathElement@75793f17 to QuarkusClassLoader Quarkus Base Runtime ClassLoader: TEST
2022-11-24 09:59:00,570 DEBUG [io.qua.boo.cla.QuarkusClassLoader] (main) Adding elements io.quarkus.bootstrap.classloading.PathTreeClassPathElement@4652c74d to QuarkusClassLoader Quarkus Base Runtime ClassLoader: TEST
2022-11-24 09:59:00,570 DEBUG [io.qua.boo.cla.QuarkusClassLoader] (main) Adding elements io.quarkus.bootstrap.classloading.PathTreeClassPathElement@4cc12db2 to QuarkusClassLoader Quarkus Base Runtime ClassLoader: TEST
2022-11-24 09:59:00,571 DEBUG [io.qua.boo.cla.QuarkusClassLoader] (main) Adding elements io.quarkus.bootstrap.classloading.PathTreeClassPathElement@5ea7bc4 to QuarkusClassLoader Quarkus Base Runtime ClassLoader: TEST
2022-11-24 09:59:00,571 DEBUG [io.qua.boo.cla.QuarkusClassLoader] (main) Adding elements io.quarkus.bootstrap.classloading.PathTreeClassPathElement@39d77de9 to QuarkusClassLoader Quarkus Base Runtime ClassLoader: TEST
2022-11-24 09:59:00,571 DEBUG [io.qua.boo.cla.QuarkusClassLoader] (main) Adding elements io.quarkus.bootstrap.classloading.PathTreeClassPathElement@696fad31 to QuarkusClassLoader Quarkus Base Runtime ClassLoader: TEST
2022-11-24 09:59:00,571 DEBUG [io.qua.boo.cla.QuarkusClassLoader] (main) Adding elements io.quarkus.bootstrap.classloading.PathTreeClassPathElement@2c06b113 to QuarkusClassLoader Quarkus Base Runtime ClassLoader: TEST
2022-11-24 09:59:00,571 DEBUG [io.qua.boo.cla.QuarkusClassLoader] (main) Adding elements io.quarkus.bootstrap.classloading.PathTreeClassPathElement@7a64cb0c to QuarkusClassLoader Quarkus Base Runtime ClassLoader: TEST
2022-11-24 09:59:00,572 DEBUG [io.qua.boo.cla.QuarkusClassLoader] (main) Adding elements io.quarkus.bootstrap.classloading.PathTreeClassPathElement@785ed99c to QuarkusClassLoader Quarkus Base Runtime ClassLoader: TEST
2022-11-24 09:59:00,572 DEBUG [io.qua.boo.cla.QuarkusClassLoader] (main) Adding elements io.quarkus.bootstrap.classloading.PathTreeClassPathElement@6c4ce583 to QuarkusClassLoader Quarkus Base Runtime ClassLoader: TEST
2022-11-24 09:59:00,572 DEBUG [io.qua.boo.cla.QuarkusClassLoader] (main) Adding elements io.quarkus.bootstrap.classloading.PathTreeClassPathElement@755b5f30 to QuarkusClassLoader Quarkus Base Runtime ClassLoader: TEST
2022-11-24 09:59:00,572 DEBUG [io.qua.boo.cla.QuarkusClassLoader] (main) Adding elements io.quarkus.bootstrap.classloading.PathTreeClassPathElement@29bbc63c to QuarkusClassLoader Quarkus Base Runtime ClassLoader: TEST
2022-11-24 09:59:00,572 DEBUG [io.qua.boo.cla.QuarkusClassLoader] (main) Adding elements io.quarkus.bootstrap.classloading.PathTreeClassPathElement@272778ae to QuarkusClassLoader Quarkus Base Runtime ClassLoader: TEST
2022-11-24 09:59:00,573 DEBUG [io.qua.boo.cla.QuarkusClassLoader] (main) Adding elements io.quarkus.bootstrap.classloading.PathTreeClassPathElement@2cccf134 to QuarkusClassLoader Quarkus Base Runtime ClassLoader: TEST
2022-11-24 09:59:00,573 DEBUG [io.qua.boo.cla.QuarkusClassLoader] (main) Adding elements io.quarkus.bootstrap.classloading.PathTreeClassPathElement@3c18942 to QuarkusClassLoader Quarkus Base Runtime ClassLoader: TEST
2022-11-24 09:59:00,573 DEBUG [io.qua.boo.cla.QuarkusClassLoader] (main) Adding elements io.quarkus.bootstrap.classloading.PathTreeClassPathElement@743c3520 to QuarkusClassLoader Quarkus Base Runtime ClassLoader: TEST
2022-11-24 09:59:00,573 DEBUG [io.qua.boo.cla.QuarkusClassLoader] (main) Adding elements io.quarkus.bootstrap.classloading.PathTreeClassPathElement@6842c101 to QuarkusClassLoader Quarkus Base Runtime ClassLoader: TEST
2022-11-24 09:59:00,573 DEBUG [io.qua.boo.cla.QuarkusClassLoader] (main) Adding elements io.quarkus.bootstrap.classloading.PathTreeClassPathElement@234cd86c to QuarkusClassLoader Quarkus Base Runtime ClassLoader: TEST
2022-11-24 09:59:00,574 DEBUG [io.qua.boo.cla.QuarkusClassLoader] (main) Adding elements io.quarkus.bootstrap.classloading.PathTreeClassPathElement@2c48cede to QuarkusClassLoader Quarkus Base Runtime ClassLoader: TEST
2022-11-24 09:59:00,574 DEBUG [io.qua.boo.cla.QuarkusClassLoader] (main) Adding elements io.quarkus.bootstrap.classloading.PathTreeClassPathElement@39c87b42 to QuarkusClassLoader Quarkus Base Runtime ClassLoader: TEST
2022-11-24 09:59:00,574 DEBUG [io.qua.boo.cla.QuarkusClassLoader] (main) Adding parent first element io.quarkus.bootstrap.classloading.PathTreeClassPathElement@47fcefb3 to QuarkusClassLoader Quarkus Base Runtime ClassLoader: TEST
2022-11-24 09:59:00,574 DEBUG [io.qua.boo.cla.QuarkusClassLoader] (main) Adding elements io.quarkus.bootstrap.classloading.PathTreeClassPathElement@47fcefb3 to QuarkusClassLoader Quarkus Base Runtime ClassLoader: TEST
2022-11-24 09:59:00,574 DEBUG [io.qua.boo.cla.QuarkusClassLoader] (main) Adding elements io.quarkus.bootstrap.classloading.PathTreeClassPathElement@236c098 to QuarkusClassLoader Quarkus Base Runtime ClassLoader: TEST
2022-11-24 09:59:00,575 DEBUG [io.qua.boo.cla.QuarkusClassLoader] (main) Adding elements io.quarkus.bootstrap.classloading.PathTreeClassPathElement@68e2d03e to QuarkusClassLoader Quarkus Base Runtime ClassLoader: TEST
2022-11-24 09:59:00,575 DEBUG [io.qua.boo.cla.QuarkusClassLoader] (main) Adding elements io.quarkus.bootstrap.classloading.PathTreeClassPathElement@120aa40b to QuarkusClassLoader Quarkus Base Runtime ClassLoader: TEST
2022-11-24 09:59:00,575 DEBUG [io.qua.boo.cla.QuarkusClassLoader] (main) Adding elements io.quarkus.bootstrap.classloading.PathTreeClassPathElement@32ab408e to QuarkusClassLoader Quarkus Base Runtime ClassLoader: TEST
2022-11-24 09:59:00,575 DEBUG [io.qua.boo.cla.QuarkusClassLoader] (main) Adding elements io.quarkus.bootstrap.classloading.PathTreeClassPathElement@6ad6443 to QuarkusClassLoader Quarkus Base Runtime ClassLoader: TEST
2022-11-24 09:59:00,575 DEBUG [io.qua.boo.cla.QuarkusClassLoader] (main) Adding elements io.quarkus.bootstrap.classloading.PathTreeClassPathElement@78b03788 to QuarkusClassLoader Quarkus Base Runtime ClassLoader: TEST
2022-11-24 09:59:00,576 DEBUG [io.qua.boo.cla.QuarkusClassLoader] (main) Adding elements io.quarkus.bootstrap.classloading.PathTreeClassPathElement@3f5dfe69 to QuarkusClassLoader Quarkus Base Runtime ClassLoader: TEST
2022-11-24 09:59:00,576 DEBUG [io.qua.boo.cla.QuarkusClassLoader] (main) Adding elements io.quarkus.bootstrap.classloading.PathTreeClassPathElement@571a663c to QuarkusClassLoader Quarkus Base Runtime ClassLoader: TEST
2022-11-24 09:59:00,577 DEBUG [io.qua.boo.cla.QuarkusClassLoader] (main) Adding elements io.quarkus.bootstrap.classloading.PathTreeClassPathElement@3a788fe0 to QuarkusClassLoader Quarkus Base Runtime ClassLoader: TEST
2022-11-24 09:59:00,577 DEBUG [io.qua.boo.cla.QuarkusClassLoader] (main) Adding elements io.quarkus.bootstrap.classloading.PathTreeClassPathElement@430df350 to QuarkusClassLoader Quarkus Base Runtime ClassLoader: TEST
2022-11-24 09:59:00,577 DEBUG [io.qua.boo.cla.QuarkusClassLoader] (main) Adding elements io.quarkus.bootstrap.classloading.PathTreeClassPathElement@1373e3ee to QuarkusClassLoader Quarkus Base Runtime ClassLoader: TEST
2022-11-24 09:59:00,577 DEBUG [io.qua.boo.cla.QuarkusClassLoader] (main) Adding elements io.quarkus.bootstrap.classloading.PathTreeClassPathElement@175c5c3a to QuarkusClassLoader Quarkus Base Runtime ClassLoader: TEST
2022-11-24 09:59:00,577 DEBUG [io.qua.boo.cla.QuarkusClassLoader] (main) Adding elements io.quarkus.bootstrap.classloading.PathTreeClassPathElement@69a5c6be to QuarkusClassLoader Quarkus Base Runtime ClassLoader: TEST
2022-11-24 09:59:00,578 DEBUG [io.qua.boo.cla.QuarkusClassLoader] (main) Adding elements io.quarkus.bootstrap.classloading.PathTreeClassPathElement@451e2fa9 to QuarkusClassLoader Quarkus Base Runtime ClassLoader: TEST
2022-11-24 09:59:00,578 DEBUG [io.qua.boo.cla.QuarkusClassLoader] (main) Adding elements io.quarkus.bootstrap.classloading.PathTreeClassPathElement@497ed877 to QuarkusClassLoader Quarkus Base Runtime ClassLoader: TEST
2022-11-24 09:59:00,578 DEBUG [io.qua.boo.cla.QuarkusClassLoader] (main) Adding elements io.quarkus.bootstrap.classloading.PathTreeClassPathElement@3cb6e0ee to QuarkusClassLoader Quarkus Base Runtime ClassLoader: TEST
2022-11-24 09:59:00,578 DEBUG [io.qua.boo.cla.QuarkusClassLoader] (main) Adding elements io.quarkus.bootstrap.classloading.PathTreeClassPathElement@7b6141f0 to QuarkusClassLoader Quarkus Base Runtime ClassLoader: TEST
2022-11-24 09:59:00,578 DEBUG [io.qua.boo.cla.QuarkusClassLoader] (main) Adding elements io.quarkus.bootstrap.classloading.PathTreeClassPathElement@4fb64a52 to QuarkusClassLoader Quarkus Base Runtime ClassLoader: TEST
2022-11-24 09:59:00,579 DEBUG [io.qua.boo.cla.QuarkusClassLoader] (main) Adding elements io.quarkus.bootstrap.classloading.PathTreeClassPathElement@70b48eb3 to QuarkusClassLoader Quarkus Base Runtime ClassLoader: TEST
2022-11-24 09:59:00,579 DEBUG [io.qua.boo.cla.QuarkusClassLoader] (main) Adding parent first element io.quarkus.bootstrap.classloading.PathTreeClassPathElement@7b8ea1db to QuarkusClassLoader Quarkus Base Runtime ClassLoader: TEST
2022-11-24 09:59:00,579 DEBUG [io.qua.boo.cla.QuarkusClassLoader] (main) Adding elements io.quarkus.bootstrap.classloading.PathTreeClassPathElement@7b8ea1db to QuarkusClassLoader Quarkus Base Runtime ClassLoader: TEST
2022-11-24 09:59:00,579 DEBUG [io.qua.boo.cla.QuarkusClassLoader] (main) Adding parent first element io.quarkus.bootstrap.classloading.PathTreeClassPathElement@a91119b to QuarkusClassLoader Quarkus Base Runtime ClassLoader: TEST
2022-11-24 09:59:00,579 DEBUG [io.qua.boo.cla.QuarkusClassLoader] (main) Adding elements io.quarkus.bootstrap.classloading.PathTreeClassPathElement@a91119b to QuarkusClassLoader Quarkus Base Runtime ClassLoader: TEST
2022-11-24 09:59:00,580 DEBUG [io.qua.boo.cla.QuarkusClassLoader] (main) Adding parent first element io.quarkus.bootstrap.classloading.PathTreeClassPathElement@77083e41 to QuarkusClassLoader Quarkus Base Runtime ClassLoader: TEST
2022-11-24 09:59:00,580 DEBUG [io.qua.boo.cla.QuarkusClassLoader] (main) Adding elements io.quarkus.bootstrap.classloading.PathTreeClassPathElement@77083e41 to QuarkusClassLoader Quarkus Base Runtime ClassLoader: TEST
2022-11-24 09:59:00,580 DEBUG [io.qua.boo.cla.QuarkusClassLoader] (main) Adding elements io.quarkus.bootstrap.classloading.PathTreeClassPathElement@231df705 to QuarkusClassLoader Quarkus Base Runtime ClassLoader: TEST
2022-11-24 09:59:00,580 DEBUG [io.qua.boo.cla.QuarkusClassLoader] (main) Adding elements io.quarkus.bootstrap.classloading.PathTreeClassPathElement@2d130ac4 to QuarkusClassLoader Quarkus Base Runtime ClassLoader: TEST
2022-11-24 09:59:00,581 DEBUG [io.qua.boo.cla.QuarkusClassLoader] (main) Adding elements io.quarkus.bootstrap.classloading.PathTreeClassPathElement@2f0ccb34 to QuarkusClassLoader Quarkus Base Runtime ClassLoader: TEST
2022-11-24 09:59:00,581 DEBUG [io.qua.boo.cla.QuarkusClassLoader] (main) Adding elements io.quarkus.bootstrap.classloading.PathTreeClassPathElement@194012a2 to QuarkusClassLoader Quarkus Base Runtime ClassLoader: TEST
2022-11-24 09:59:00,581 DEBUG [io.qua.boo.cla.QuarkusClassLoader] (main) Adding elements io.quarkus.bootstrap.classloading.PathTreeClassPathElement@55296b50 to QuarkusClassLoader Quarkus Base Runtime ClassLoader: TEST
2022-11-24 09:59:00,582 DEBUG [io.qua.boo.cla.QuarkusClassLoader] (main) Adding elements io.quarkus.bootstrap.classloading.PathTreeClassPathElement@60591e1b to QuarkusClassLoader Quarkus Base Runtime ClassLoader: TEST
2022-11-24 09:59:00,582 DEBUG [io.qua.boo.cla.QuarkusClassLoader] (main) Adding elements io.quarkus.bootstrap.classloading.PathTreeClassPathElement@29c53c4f to QuarkusClassLoader Quarkus Base Runtime ClassLoader: TEST
2022-11-24 09:59:00,590 DEBUG [io.qua.boo.cla.QuarkusClassLoader] (main) Adding elements io.quarkus.bootstrap.classloading.PathTreeClassPathElement@3009eed7 to QuarkusClassLoader Quarkus Base Runtime ClassLoader: TEST
2022-11-24 09:59:00,590 DEBUG [io.qua.boo.cla.QuarkusClassLoader] (main) Adding elements io.quarkus.bootstrap.classloading.PathTreeClassPathElement@2ee4706d to QuarkusClassLoader Quarkus Base Runtime ClassLoader: TEST
2022-11-24 09:59:00,593 DEBUG [io.qua.boo.cla.QuarkusClassLoader] (main) Adding elements io.quarkus.bootstrap.classloading.PathTreeClassPathElement@6650a6c to QuarkusClassLoader Quarkus Base Runtime ClassLoader: TEST
2022-11-24 09:59:00,593 DEBUG [io.qua.boo.cla.QuarkusClassLoader] (main) Adding elements io.quarkus.bootstrap.classloading.PathTreeClassPathElement@64279ab to QuarkusClassLoader Quarkus Base Runtime ClassLoader: TEST
2022-11-24 09:59:00,593 DEBUG [io.qua.boo.cla.QuarkusClassLoader] (main) Adding elements io.quarkus.bootstrap.classloading.PathTreeClassPathElement@794240e2 to QuarkusClassLoader Quarkus Base Runtime ClassLoader: TEST
2022-11-24 09:59:00,594 DEBUG [io.qua.boo.cla.QuarkusClassLoader] (main) Adding parent first element io.quarkus.bootstrap.classloading.PathTreeClassPathElement@74a820bf to QuarkusClassLoader Quarkus Base Runtime ClassLoader: TEST
2022-11-24 09:59:00,594 DEBUG [io.qua.boo.cla.QuarkusClassLoader] (main) Adding elements io.quarkus.bootstrap.classloading.PathTreeClassPathElement@74a820bf to QuarkusClassLoader Quarkus Base Runtime ClassLoader: TEST
2022-11-24 09:59:00,594 DEBUG [io.qua.boo.cla.QuarkusClassLoader] (main) Adding elements io.quarkus.bootstrap.classloading.PathTreeClassPathElement@5a30722c to QuarkusClassLoader Quarkus Base Runtime ClassLoader: TEST
2022-11-24 09:59:00,594 DEBUG [io.qua.boo.cla.QuarkusClassLoader] (main) Adding elements io.quarkus.bootstrap.classloading.PathTreeClassPathElement@4f2ac7e0 to QuarkusClassLoader Quarkus Base Runtime ClassLoader: TEST
2022-11-24 09:59:00,594 DEBUG [io.qua.boo.cla.QuarkusClassLoader] (main) Adding parent first element io.quarkus.bootstrap.classloading.PathTreeClassPathElement@2484dbb7 to QuarkusClassLoader Quarkus Base Runtime ClassLoader: TEST
2022-11-24 09:59:00,594 DEBUG [io.qua.boo.cla.QuarkusClassLoader] (main) Adding elements io.quarkus.bootstrap.classloading.PathTreeClassPathElement@2484dbb7 to QuarkusClassLoader Quarkus Base Runtime ClassLoader: TEST
2022-11-24 09:59:00,595 DEBUG [io.qua.boo.cla.QuarkusClassLoader] (main) Adding parent first element io.quarkus.bootstrap.classloading.PathTreeClassPathElement@111cba40 to QuarkusClassLoader Quarkus Base Runtime ClassLoader: TEST
2022-11-24 09:59:00,595 DEBUG [io.qua.boo.cla.QuarkusClassLoader] (main) Adding elements io.quarkus.bootstrap.classloading.PathTreeClassPathElement@111cba40 to QuarkusClassLoader Quarkus Base Runtime ClassLoader: TEST
2022-11-24 09:59:00,595 DEBUG [io.qua.boo.cla.QuarkusClassLoader] (main) Adding elements io.quarkus.bootstrap.classloading.PathTreeClassPathElement@48e41b5d to QuarkusClassLoader Quarkus Base Runtime ClassLoader: TEST
2022-11-24 09:59:00,595 DEBUG [io.qua.boo.cla.QuarkusClassLoader] (main) Adding elements io.quarkus.bootstrap.classloading.PathTreeClassPathElement@51e8d066 to QuarkusClassLoader Quarkus Base Runtime ClassLoader: TEST
2022-11-24 09:59:00,595 DEBUG [io.qua.boo.cla.QuarkusClassLoader] (main) Adding elements io.quarkus.bootstrap.classloading.PathTreeClassPathElement@5333f08f to QuarkusClassLoader Quarkus Base Runtime ClassLoader: TEST
2022-11-24 09:59:00,596 DEBUG [io.qua.boo.cla.QuarkusClassLoader] (main) Adding elements io.quarkus.bootstrap.classloading.PathTreeClassPathElement@27898e13 to QuarkusClassLoader Quarkus Base Runtime ClassLoader: TEST
2022-11-24 09:59:00,596 DEBUG [io.qua.boo.cla.QuarkusClassLoader] (main) Adding elements io.quarkus.bootstrap.classloading.PathTreeClassPathElement@4f5f474c to QuarkusClassLoader Quarkus Base Runtime ClassLoader: TEST
2022-11-24 09:59:00,596 DEBUG [io.qua.boo.cla.QuarkusClassLoader] (main) Adding elements io.quarkus.bootstrap.classloading.PathTreeClassPathElement@58a3d521 to QuarkusClassLoader Quarkus Base Runtime ClassLoader: TEST
2022-11-24 09:59:00,596 DEBUG [io.qua.boo.cla.QuarkusClassLoader] (main) Adding parent first element io.quarkus.bootstrap.classloading.PathTreeClassPathElement@14d8e132 to QuarkusClassLoader Quarkus Base Runtime ClassLoader: TEST
2022-11-24 09:59:00,596 DEBUG [io.qua.boo.cla.QuarkusClassLoader] (main) Adding elements io.quarkus.bootstrap.classloading.PathTreeClassPathElement@14d8e132 to QuarkusClassLoader Quarkus Base Runtime ClassLoader: TEST
2022-11-24 09:59:00,597 DEBUG [io.qua.boo.cla.QuarkusClassLoader] (main) Adding elements io.quarkus.bootstrap.classloading.PathTreeClassPathElement@7f4a1cac to QuarkusClassLoader Quarkus Base Runtime ClassLoader: TEST
2022-11-24 09:59:00,597 DEBUG [io.qua.boo.cla.QuarkusClassLoader] (main) Adding elements io.quarkus.bootstrap.classloading.PathTreeClassPathElement@4a1a412e to QuarkusClassLoader Quarkus Base Runtime ClassLoader: TEST
2022-11-24 09:59:00,597 DEBUG [io.qua.boo.cla.QuarkusClassLoader] (main) Adding parent first element io.quarkus.bootstrap.classloading.PathTreeClassPathElement@c568f91 to QuarkusClassLoader Quarkus Base Runtime ClassLoader: TEST
2022-11-24 09:59:00,597 DEBUG [io.qua.boo.cla.QuarkusClassLoader] (main) Adding elements io.quarkus.bootstrap.classloading.PathTreeClassPathElement@c568f91 to QuarkusClassLoader Quarkus Base Runtime ClassLoader: TEST
2022-11-24 09:59:00,597 DEBUG [io.qua.boo.cla.QuarkusClassLoader] (main) Adding elements io.quarkus.bootstrap.classloading.PathTreeClassPathElement@5fd43e58 to QuarkusClassLoader Quarkus Base Runtime ClassLoader: TEST
2022-11-24 09:59:00,597 DEBUG [io.qua.boo.cla.QuarkusClassLoader] (main) Adding elements io.quarkus.bootstrap.classloading.PathTreeClassPathElement@70d4f672 to QuarkusClassLoader Quarkus Base Runtime ClassLoader: TEST
2022-11-24 09:59:00,598 DEBUG [io.qua.boo.cla.QuarkusClassLoader] (main) Adding elements io.quarkus.bootstrap.classloading.PathTreeClassPathElement@68dfda77 to QuarkusClassLoader Quarkus Base Runtime ClassLoader: TEST
2022-11-24 09:59:00,602 DEBUG [io.qua.boo.cla.QuarkusClassLoader] (main) Adding elements io.quarkus.bootstrap.classloading.PathTreeClassPathElement@50cdfafa to QuarkusClassLoader Quarkus Base Runtime ClassLoader: TEST
2022-11-24 09:59:00,602 DEBUG [io.qua.boo.cla.QuarkusClassLoader] (main) Adding elements io.quarkus.bootstrap.classloading.PathTreeClassPathElement@2e952845 to QuarkusClassLoader Quarkus Base Runtime ClassLoader: TEST
2022-11-24 09:59:00,603 DEBUG [io.qua.boo.cla.QuarkusClassLoader] (main) Adding elements io.quarkus.bootstrap.classloading.PathTreeClassPathElement@79252c83 to QuarkusClassLoader Quarkus Base Runtime ClassLoader: TEST
2022-11-24 09:59:00,603 DEBUG [io.qua.boo.cla.QuarkusClassLoader] (main) Adding elements io.quarkus.bootstrap.classloading.PathTreeClassPathElement@6fbf5db2 to QuarkusClassLoader Quarkus Base Runtime ClassLoader: TEST
2022-11-24 09:59:00,603 DEBUG [io.qua.boo.cla.QuarkusClassLoader] (main) Adding elements io.quarkus.bootstrap.classloading.PathTreeClassPathElement@509a6095 to QuarkusClassLoader Quarkus Base Runtime ClassLoader: TEST
2022-11-24 09:59:00,603 DEBUG [io.qua.boo.cla.QuarkusClassLoader] (main) Adding elements io.quarkus.bootstrap.classloading.PathTreeClassPathElement@57cabdc3 to QuarkusClassLoader Quarkus Base Runtime ClassLoader: TEST
2022-11-24 09:59:00,604 DEBUG [io.qua.boo.cla.QuarkusClassLoader] (main) Adding elements io.quarkus.bootstrap.classloading.PathTreeClassPathElement@75bd28d to QuarkusClassLoader Quarkus Base Runtime ClassLoader: TEST
2022-11-24 09:59:00,604 DEBUG [io.qua.boo.cla.QuarkusClassLoader] (main) Adding elements io.quarkus.bootstrap.classloading.PathTreeClassPathElement@129c4d19 to QuarkusClassLoader Quarkus Base Runtime ClassLoader: TEST
2022-11-24 09:59:00,604 DEBUG [io.qua.boo.cla.QuarkusClassLoader] (main) Adding elements io.quarkus.bootstrap.classloading.PathTreeClassPathElement@11810917 to QuarkusClassLoader Quarkus Base Runtime ClassLoader: TEST
2022-11-24 09:59:00,604 DEBUG [io.qua.boo.cla.QuarkusClassLoader] (main) Adding elements io.quarkus.bootstrap.classloading.PathTreeClassPathElement@13278a41 to QuarkusClassLoader Quarkus Base Runtime ClassLoader: TEST
2022-11-24 09:59:00,605 DEBUG [io.qua.boo.cla.QuarkusClassLoader] (main) Adding elements io.quarkus.bootstrap.classloading.PathTreeClassPathElement@4a31ed12 to QuarkusClassLoader Quarkus Base Runtime ClassLoader: TEST
2022-11-24 09:59:00,605 DEBUG [io.qua.boo.cla.QuarkusClassLoader] (main) Adding elements io.quarkus.bootstrap.classloading.PathTreeClassPathElement@3ab595c8 to QuarkusClassLoader Quarkus Base Runtime ClassLoader: TEST
2022-11-24 09:59:00,605 DEBUG [io.qua.boo.cla.QuarkusClassLoader] (main) Adding parent first element io.quarkus.bootstrap.classloading.PathTreeClassPathElement@2365ea38 to QuarkusClassLoader Quarkus Base Runtime ClassLoader: TEST
2022-11-24 09:59:00,605 DEBUG [io.qua.boo.cla.QuarkusClassLoader] (main) Adding elements io.quarkus.bootstrap.classloading.PathTreeClassPathElement@2365ea38 to QuarkusClassLoader Quarkus Base Runtime ClassLoader: TEST
2022-11-24 09:59:00,605 DEBUG [io.qua.boo.cla.QuarkusClassLoader] (main) Adding parent first element io.quarkus.bootstrap.classloading.PathTreeClassPathElement@cbf1997 to QuarkusClassLoader Quarkus Base Runtime ClassLoader: TEST
2022-11-24 09:59:00,606 DEBUG [io.qua.boo.cla.QuarkusClassLoader] (main) Adding elements io.quarkus.bootstrap.classloading.PathTreeClassPathElement@cbf1997 to QuarkusClassLoader Quarkus Base Runtime ClassLoader: TEST
2022-11-24 09:59:00,606 DEBUG [io.qua.boo.cla.QuarkusClassLoader] (main) Adding elements io.quarkus.bootstrap.classloading.PathTreeClassPathElement@49232c6f to QuarkusClassLoader Quarkus Base Runtime ClassLoader: TEST
2022-11-24 09:59:00,606 DEBUG [io.qua.boo.cla.QuarkusClassLoader] (main) Adding elements io.quarkus.bootstrap.classloading.PathTreeClassPathElement@5faeeb56 to QuarkusClassLoader Quarkus Base Runtime ClassLoader: TEST
2022-11-24 09:59:00,606 DEBUG [io.qua.boo.cla.QuarkusClassLoader] (main) Adding elements io.quarkus.bootstrap.classloading.PathTreeClassPathElement@5396eeb1 to QuarkusClassLoader Quarkus Base Runtime ClassLoader: TEST
2022-11-24 09:59:00,606 DEBUG [io.qua.boo.cla.QuarkusClassLoader] (main) Adding elements io.quarkus.bootstrap.classloading.PathTreeClassPathElement@279126f5 to QuarkusClassLoader Quarkus Base Runtime ClassLoader: TEST
2022-11-24 09:59:00,607 DEBUG [io.qua.boo.cla.QuarkusClassLoader] (main) Adding elements io.quarkus.bootstrap.classloading.PathTreeClassPathElement@7781263c to QuarkusClassLoader Quarkus Base Runtime ClassLoader: TEST
2022-11-24 09:59:00,607 DEBUG [io.qua.boo.cla.QuarkusClassLoader] (main) Adding elements io.quarkus.bootstrap.classloading.PathTreeClassPathElement@5fdd97c1 to QuarkusClassLoader Quarkus Base Runtime ClassLoader: TEST
2022-11-24 09:59:00,608 DEBUG [io.qua.boo.cla.QuarkusClassLoader] (main) Adding parent first element io.quarkus.bootstrap.classloading.PathTreeClassPathElement@3b5a19ed to QuarkusClassLoader Quarkus Base Runtime ClassLoader: TEST
2022-11-24 09:59:00,608 DEBUG [io.qua.boo.cla.QuarkusClassLoader] (main) Adding elements io.quarkus.bootstrap.classloading.PathTreeClassPathElement@3b5a19ed to QuarkusClassLoader Quarkus Base Runtime ClassLoader: TEST
2022-11-24 09:59:00,608 DEBUG [io.qua.boo.cla.QuarkusClassLoader] (main) Adding elements io.quarkus.bootstrap.classloading.PathTreeClassPathElement@15d236fd to QuarkusClassLoader Quarkus Base Runtime ClassLoader: TEST
2022-11-24 09:59:00,608 DEBUG [io.qua.boo.cla.QuarkusClassLoader] (main) Adding elements io.quarkus.bootstrap.classloading.PathTreeClassPathElement@6b9c42bd to QuarkusClassLoader Quarkus Base Runtime ClassLoader: TEST
2022-11-24 09:59:00,609 DEBUG [io.qua.boo.cla.QuarkusClassLoader] (main) Adding parent first element io.quarkus.bootstrap.classloading.PathTreeClassPathElement@584ca390 to QuarkusClassLoader Quarkus Base Runtime ClassLoader: TEST
2022-11-24 09:59:00,609 DEBUG [io.qua.boo.cla.QuarkusClassLoader] (main) Adding elements io.quarkus.bootstrap.classloading.PathTreeClassPathElement@584ca390 to QuarkusClassLoader Quarkus Base Runtime ClassLoader: TEST
2022-11-24 09:59:00,609 DEBUG [io.qua.boo.cla.QuarkusClassLoader] (main) Adding parent first element io.quarkus.bootstrap.classloading.PathTreeClassPathElement@33324c05 to QuarkusClassLoader Quarkus Base Runtime ClassLoader: TEST
2022-11-24 09:59:00,609 DEBUG [io.qua.boo.cla.QuarkusClassLoader] (main) Adding elements io.quarkus.bootstrap.classloading.PathTreeClassPathElement@33324c05 to QuarkusClassLoader Quarkus Base Runtime ClassLoader: TEST
2022-11-24 09:59:00,609 DEBUG [io.qua.boo.cla.QuarkusClassLoader] (main) Adding parent first element io.quarkus.bootstrap.classloading.PathTreeClassPathElement@37d3e140 to QuarkusClassLoader Quarkus Base Runtime ClassLoader: TEST
2022-11-24 09:59:00,609 DEBUG [io.qua.boo.cla.QuarkusClassLoader] (main) Adding elements io.quarkus.bootstrap.classloading.PathTreeClassPathElement@37d3e140 to QuarkusClassLoader Quarkus Base Runtime ClassLoader: TEST
2022-11-24 09:59:00,609 DEBUG [io.qua.boo.cla.QuarkusClassLoader] (main) Adding parent first element io.quarkus.bootstrap.classloading.PathTreeClassPathElement@3e53c4ad to QuarkusClassLoader Quarkus Base Runtime ClassLoader: TEST
2022-11-24 09:59:00,610 DEBUG [io.qua.boo.cla.QuarkusClassLoader] (main) Adding elements io.quarkus.bootstrap.classloading.PathTreeClassPathElement@3e53c4ad to QuarkusClassLoader Quarkus Base Runtime ClassLoader: TEST
2022-11-24 09:59:00,637 DEBUG [io.qua.boo.cla.QuarkusClassLoader] (main) Adding parent first element io.quarkus.bootstrap.classloading.PathTreeClassPathElement@33eb0d4 to QuarkusClassLoader Quarkus Base Runtime ClassLoader: TEST
2022-11-24 09:59:00,638 DEBUG [io.qua.boo.cla.QuarkusClassLoader] (main) Adding elements io.quarkus.bootstrap.classloading.PathTreeClassPathElement@33eb0d4 to QuarkusClassLoader Quarkus Base Runtime ClassLoader: TEST
2022-11-24 09:59:00,638 DEBUG [io.qua.boo.cla.QuarkusClassLoader] (main) Adding parent first element io.quarkus.bootstrap.classloading.PathTreeClassPathElement@224d86d2 to QuarkusClassLoader Quarkus Base Runtime ClassLoader: TEST
2022-11-24 09:59:00,638 DEBUG [io.qua.boo.cla.QuarkusClassLoader] (main) Adding elements io.quarkus.bootstrap.classloading.PathTreeClassPathElement@224d86d2 to QuarkusClassLoader Quarkus Base Runtime ClassLoader: TEST
2022-11-24 09:59:00,638 DEBUG [io.qua.boo.cla.QuarkusClassLoader] (main) Adding parent first element io.quarkus.bootstrap.classloading.PathTreeClassPathElement@a3cba3a to QuarkusClassLoader Quarkus Base Runtime ClassLoader: TEST
2022-11-24 09:59:00,638 DEBUG [io.qua.boo.cla.QuarkusClassLoader] (main) Adding elements io.quarkus.bootstrap.classloading.PathTreeClassPathElement@a3cba3a to QuarkusClassLoader Quarkus Base Runtime ClassLoader: TEST
2022-11-24 09:59:00,639 DEBUG [io.qua.boo.cla.QuarkusClassLoader] (main) Adding elements io.quarkus.bootstrap.classloading.PathTreeClassPathElement@2aea717c to QuarkusClassLoader Quarkus Base Runtime ClassLoader: TEST
2022-11-24 09:59:00,639 DEBUG [io.qua.boo.cla.QuarkusClassLoader] (main) Adding elements io.quarkus.bootstrap.classloading.PathTreeClassPathElement@5ca4dce5 to QuarkusClassLoader Quarkus Base Runtime ClassLoader: TEST
2022-11-24 09:59:00,639 DEBUG [io.qua.boo.cla.QuarkusClassLoader] (main) Adding elements io.quarkus.bootstrap.classloading.PathTreeClassPathElement@1291aab5 to QuarkusClassLoader Quarkus Base Runtime ClassLoader: TEST
2022-11-24 09:59:00,643 DEBUG [io.qua.boo.cla.QuarkusClassLoader] (main) Adding elements io.quarkus.bootstrap.classloading.PathTreeClassPathElement@7d133fb7 to QuarkusClassLoader Quarkus Base Runtime ClassLoader: TEST
2022-11-24 09:59:00,645 DEBUG [io.qua.boo.cla.QuarkusClassLoader] (main) Adding parent first element io.quarkus.bootstrap.classloading.PathTreeClassPathElement@40bd0f8 to QuarkusClassLoader Quarkus Base Runtime ClassLoader: TEST
2022-11-24 09:59:00,645 DEBUG [io.qua.boo.cla.QuarkusClassLoader] (main) Adding elements io.quarkus.bootstrap.classloading.PathTreeClassPathElement@40bd0f8 to QuarkusClassLoader Quarkus Base Runtime ClassLoader: TEST
2022-11-24 09:59:00,646 DEBUG [io.qua.boo.cla.QuarkusClassLoader] (main) Adding elements io.quarkus.bootstrap.classloading.PathTreeClassPathElement@7eb27768 to QuarkusClassLoader Quarkus Base Runtime ClassLoader: TEST
2022-11-24 09:59:00,646 DEBUG [io.qua.boo.cla.QuarkusClassLoader] (main) Adding elements io.quarkus.bootstrap.classloading.PathTreeClassPathElement@6169be09 to QuarkusClassLoader Quarkus Base Runtime ClassLoader: TEST
2022-11-24 09:59:00,646 DEBUG [io.qua.boo.cla.QuarkusClassLoader] (main) Adding elements io.quarkus.bootstrap.classloading.PathTreeClassPathElement@5e3db14 to QuarkusClassLoader Quarkus Base Runtime ClassLoader: TEST
2022-11-24 09:59:00,646 DEBUG [io.qua.boo.cla.QuarkusClassLoader] (main) Adding elements io.quarkus.bootstrap.classloading.PathTreeClassPathElement@5fb54740 to QuarkusClassLoader Quarkus Base Runtime ClassLoader: TEST
2022-11-24 09:59:00,647 DEBUG [io.qua.boo.cla.QuarkusClassLoader] (main) Adding elements io.quarkus.bootstrap.classloading.PathTreeClassPathElement@325162e9 to QuarkusClassLoader Quarkus Base Runtime ClassLoader: TEST
2022-11-24 09:59:00,647 DEBUG [io.qua.boo.cla.QuarkusClassLoader] (main) Adding elements io.quarkus.bootstrap.classloading.PathTreeClassPathElement@1ee40b5c to QuarkusClassLoader Quarkus Base Runtime ClassLoader: TEST
2022-11-24 09:59:00,647 DEBUG [io.qua.boo.cla.QuarkusClassLoader] (main) Adding elements io.quarkus.bootstrap.classloading.PathTreeClassPathElement@5c448ef to QuarkusClassLoader Quarkus Base Runtime ClassLoader: TEST
2022-11-24 09:59:00,647 DEBUG [io.qua.boo.cla.QuarkusClassLoader] (main) Adding elements io.quarkus.bootstrap.classloading.PathTreeClassPathElement@703e8050 to QuarkusClassLoader Quarkus Base Runtime ClassLoader: TEST
2022-11-24 09:59:00,647 DEBUG [io.qua.boo.cla.QuarkusClassLoader] (main) Adding elements io.quarkus.bootstrap.classloading.PathTreeClassPathElement@49c1e294 to QuarkusClassLoader Quarkus Base Runtime ClassLoader: TEST
2022-11-24 09:59:00,648 DEBUG [io.qua.boo.cla.QuarkusClassLoader] (main) Adding elements io.quarkus.bootstrap.classloading.PathTreeClassPathElement@7741ae1b to QuarkusClassLoader Quarkus Base Runtime ClassLoader: TEST
2022-11-24 09:59:00,648 DEBUG [io.qua.boo.cla.QuarkusClassLoader] (main) Adding elements io.quarkus.bootstrap.classloading.PathTreeClassPathElement@50e5032c to QuarkusClassLoader Quarkus Base Runtime ClassLoader: TEST
2022-11-24 09:59:00,995 DEBUG [io.qua.boo.cla.QuarkusClassLoader] (main) Adding elements io.quarkus.bootstrap.classloading.PathTreeClassPathElement@5ec9eefa to QuarkusClassLoader Augmentation Class Loader: TEST
2022-11-24 09:59:00,995 DEBUG [io.qua.boo.cla.QuarkusClassLoader] (main) Adding elements io.quarkus.bootstrap.classloading.PathTreeClassPathElement@28b8f98a to QuarkusClassLoader Augmentation Class Loader: TEST
2022-11-24 09:59:00,995 DEBUG [io.qua.boo.cla.QuarkusClassLoader] (main) Adding elements io.quarkus.bootstrap.classloading.PathTreeClassPathElement@3b4ef59f to QuarkusClassLoader Augmentation Class Loader: TEST
2022-11-24 09:59:00,995 DEBUG [io.qua.boo.cla.QuarkusClassLoader] (main) Adding elements io.quarkus.bootstrap.classloading.PathTreeClassPathElement@22cb3d59 to QuarkusClassLoader Augmentation Class Loader: TEST
2022-11-24 09:59:00,995 DEBUG [io.qua.boo.cla.QuarkusClassLoader] (main) Adding elements io.quarkus.bootstrap.classloading.PathTreeClassPathElement@33e4b9c4 to QuarkusClassLoader Augmentation Class Loader: TEST
2022-11-24 09:59:00,996 DEBUG [io.qua.boo.cla.QuarkusClassLoader] (main) Adding parent first element io.quarkus.bootstrap.classloading.PathTreeClassPathElement@5cff729b to QuarkusClassLoader Augmentation Class Loader: TEST
2022-11-24 09:59:00,996 DEBUG [io.qua.boo.cla.QuarkusClassLoader] (main) Adding elements io.quarkus.bootstrap.classloading.PathTreeClassPathElement@5cff729b to QuarkusClassLoader Augmentation Class Loader: TEST
2022-11-24 09:59:00,996 DEBUG [io.qua.boo.cla.QuarkusClassLoader] (main) Adding elements io.quarkus.bootstrap.classloading.PathTreeClassPathElement@10d18696 to QuarkusClassLoader Augmentation Class Loader: TEST
2022-11-24 09:59:00,996 DEBUG [io.qua.boo.cla.QuarkusClassLoader] (main) Adding elements io.quarkus.bootstrap.classloading.PathTreeClassPathElement@6b8b5020 to QuarkusClassLoader Augmentation Class Loader: TEST
2022-11-24 09:59:00,996 DEBUG [io.qua.boo.cla.QuarkusClassLoader] (main) Adding elements io.quarkus.bootstrap.classloading.PathTreeClassPathElement@7d37ee0c to QuarkusClassLoader Augmentation Class Loader: TEST
2022-11-24 09:59:00,996 DEBUG [io.qua.boo.cla.QuarkusClassLoader] (main) Adding elements io.quarkus.bootstrap.classloading.PathTreeClassPathElement@5a7b309b to QuarkusClassLoader Augmentation Class Loader: TEST
2022-11-24 09:59:00,996 DEBUG [io.qua.boo.cla.QuarkusClassLoader] (main) Adding elements io.quarkus.bootstrap.classloading.PathTreeClassPathElement@4602f874 to QuarkusClassLoader Augmentation Class Loader: TEST
2022-11-24 09:59:00,996 DEBUG [io.qua.boo.cla.QuarkusClassLoader] (main) Adding elements io.quarkus.bootstrap.classloading.PathTreeClassPathElement@7739aac4 to QuarkusClassLoader Augmentation Class Loader: TEST
2022-11-24 09:59:00,996 DEBUG [io.qua.boo.cla.QuarkusClassLoader] (main) Adding elements io.quarkus.bootstrap.classloading.PathTreeClassPathElement@353c6da1 to QuarkusClassLoader Augmentation Class Loader: TEST
2022-11-24 09:59:00,996 DEBUG [io.qua.boo.cla.QuarkusClassLoader] (main) Adding elements io.quarkus.bootstrap.classloading.PathTreeClassPathElement@36c07c75 to QuarkusClassLoader Augmentation Class Loader: TEST
2022-11-24 09:59:00,996 DEBUG [io.qua.boo.cla.QuarkusClassLoader] (main) Adding elements io.quarkus.bootstrap.classloading.PathTreeClassPathElement@6750e381 to QuarkusClassLoader Augmentation Class Loader: TEST
2022-11-24 09:59:00,996 DEBUG [io.qua.boo.cla.QuarkusClassLoader] (main) Adding elements io.quarkus.bootstrap.classloading.PathTreeClassPathElement@5d850a25 to QuarkusClassLoader Augmentation Class Loader: TEST
2022-11-24 09:59:00,996 DEBUG [io.qua.boo.cla.QuarkusClassLoader] (main) Adding elements io.quarkus.bootstrap.classloading.PathTreeClassPathElement@b022551 to QuarkusClassLoader Augmentation Class Loader: TEST
2022-11-24 09:59:00,996 DEBUG [io.qua.boo.cla.QuarkusClassLoader] (main) Adding elements io.quarkus.bootstrap.classloading.PathTreeClassPathElement@3e14d390 to QuarkusClassLoader Augmentation Class Loader: TEST
2022-11-24 09:59:00,996 DEBUG [io.qua.boo.cla.QuarkusClassLoader] (main) Adding elements io.quarkus.bootstrap.classloading.PathTreeClassPathElement@5eb87338 to QuarkusClassLoader Augmentation Class Loader: TEST
2022-11-24 09:59:00,996 DEBUG [io.qua.boo.cla.QuarkusClassLoader] (main) Adding elements io.quarkus.bootstrap.classloading.PathTreeClassPathElement@2b999ee8 to QuarkusClassLoader Augmentation Class Loader: TEST
2022-11-24 09:59:00,997 DEBUG [io.qua.boo.cla.QuarkusClassLoader] (main) Adding elements io.quarkus.bootstrap.classloading.PathTreeClassPathElement@31ab1e67 to QuarkusClassLoader Augmentation Class Loader: TEST
2022-11-24 09:59:00,997 DEBUG [io.qua.boo.cla.QuarkusClassLoader] (main) Adding elements io.quarkus.bootstrap.classloading.PathTreeClassPathElement@29bbc391 to QuarkusClassLoader Augmentation Class Loader: TEST
2022-11-24 09:59:00,997 DEBUG [io.qua.boo.cla.QuarkusClassLoader] (main) Adding elements io.quarkus.bootstrap.classloading.PathTreeClassPathElement@3487442d to QuarkusClassLoader Augmentation Class Loader: TEST
2022-11-24 09:59:00,997 DEBUG [io.qua.boo.cla.QuarkusClassLoader] (main) Adding elements io.quarkus.bootstrap.classloading.PathTreeClassPathElement@530ee28b to QuarkusClassLoader Augmentation Class Loader: TEST
2022-11-24 09:59:00,997 DEBUG [io.qua.boo.cla.QuarkusClassLoader] (main) Adding elements io.quarkus.bootstrap.classloading.PathTreeClassPathElement@3a3f96ab to QuarkusClassLoader Augmentation Class Loader: TEST
2022-11-24 09:59:00,997 DEBUG [io.qua.boo.cla.QuarkusClassLoader] (main) Adding elements io.quarkus.bootstrap.classloading.PathTreeClassPathElement@4def7d36 to QuarkusClassLoader Augmentation Class Loader: TEST
2022-11-24 09:59:00,997 DEBUG [io.qua.boo.cla.QuarkusClassLoader] (main) Adding elements io.quarkus.bootstrap.classloading.PathTreeClassPathElement@43c7fe8a to QuarkusClassLoader Augmentation Class Loader: TEST
2022-11-24 09:59:00,997 DEBUG [io.qua.boo.cla.QuarkusClassLoader] (main) Adding elements io.quarkus.bootstrap.classloading.PathTreeClassPathElement@67f946c3 to QuarkusClassLoader Augmentation Class Loader: TEST
2022-11-24 09:59:00,997 DEBUG [io.qua.boo.cla.QuarkusClassLoader] (main) Adding elements io.quarkus.bootstrap.classloading.PathTreeClassPathElement@21b51e59 to QuarkusClassLoader Augmentation Class Loader: TEST
2022-11-24 09:59:00,997 DEBUG [io.qua.boo.cla.QuarkusClassLoader] (main) Adding elements io.quarkus.bootstrap.classloading.PathTreeClassPathElement@1785d194 to QuarkusClassLoader Augmentation Class Loader: TEST
2022-11-24 09:59:00,997 DEBUG [io.qua.boo.cla.QuarkusClassLoader] (main) Adding elements io.quarkus.bootstrap.classloading.PathTreeClassPathElement@6b4a4e40 to QuarkusClassLoader Augmentation Class Loader: TEST
2022-11-24 09:59:00,997 DEBUG [io.qua.boo.cla.QuarkusClassLoader] (main) Adding elements io.quarkus.bootstrap.classloading.PathTreeClassPathElement@46a8c2b4 to QuarkusClassLoader Augmentation Class Loader: TEST
2022-11-24 09:59:00,997 DEBUG [io.qua.boo.cla.QuarkusClassLoader] (main) Adding elements io.quarkus.bootstrap.classloading.PathTreeClassPathElement@4f664bee to QuarkusClassLoader Augmentation Class Loader: TEST
2022-11-24 09:59:00,997 DEBUG [io.qua.boo.cla.QuarkusClassLoader] (main) Adding elements io.quarkus.bootstrap.classloading.PathTreeClassPathElement@76563ae7 to QuarkusClassLoader Augmentation Class Loader: TEST
2022-11-24 09:59:00,997 DEBUG [io.qua.boo.cla.QuarkusClassLoader] (main) Adding elements io.quarkus.bootstrap.classloading.PathTreeClassPathElement@4fd74223 to QuarkusClassLoader Augmentation Class Loader: TEST
2022-11-24 09:59:00,997 DEBUG [io.qua.boo.cla.QuarkusClassLoader] (main) Adding elements io.quarkus.bootstrap.classloading.PathTreeClassPathElement@4fea840f to QuarkusClassLoader Augmentation Class Loader: TEST
2022-11-24 09:59:00,998 DEBUG [io.qua.boo.cla.QuarkusClassLoader] (main) Adding parent first element io.quarkus.bootstrap.classloading.PathTreeClassPathElement@32ae8f27 to QuarkusClassLoader Augmentation Class Loader: TEST
2022-11-24 09:59:00,998 DEBUG [io.qua.boo.cla.QuarkusClassLoader] (main) Adding elements io.quarkus.bootstrap.classloading.PathTreeClassPathElement@32ae8f27 to QuarkusClassLoader Augmentation Class Loader: TEST
2022-11-24 09:59:00,998 DEBUG [io.qua.boo.cla.QuarkusClassLoader] (main) Adding elements io.quarkus.bootstrap.classloading.PathTreeClassPathElement@75e80a97 to QuarkusClassLoader Augmentation Class Loader: TEST
2022-11-24 09:59:00,998 DEBUG [io.qua.boo.cla.QuarkusClassLoader] (main) Adding elements io.quarkus.bootstrap.classloading.PathTreeClassPathElement@5b8853 to QuarkusClassLoader Augmentation Class Loader: TEST
2022-11-24 09:59:00,998 DEBUG [io.qua.boo.cla.QuarkusClassLoader] (main) Adding elements io.quarkus.bootstrap.classloading.PathTreeClassPathElement@1b8aaeab to QuarkusClassLoader Augmentation Class Loader: TEST
2022-11-24 09:59:00,998 DEBUG [io.qua.boo.cla.QuarkusClassLoader] (main) Adding elements io.quarkus.bootstrap.classloading.PathTreeClassPathElement@5d1bdd4a to QuarkusClassLoader Augmentation Class Loader: TEST
2022-11-24 09:59:00,998 DEBUG [io.qua.boo.cla.QuarkusClassLoader] (main) Adding elements io.quarkus.bootstrap.classloading.PathTreeClassPathElement@6812c8cc to QuarkusClassLoader Augmentation Class Loader: TEST
2022-11-24 09:59:00,998 DEBUG [io.qua.boo.cla.QuarkusClassLoader] (main) Adding elements io.quarkus.bootstrap.classloading.PathTreeClassPathElement@3457cc8d to QuarkusClassLoader Augmentation Class Loader: TEST
2022-11-24 09:59:00,998 DEBUG [io.qua.boo.cla.QuarkusClassLoader] (main) Adding elements io.quarkus.bootstrap.classloading.PathTreeClassPathElement@7a66c35a to QuarkusClassLoader Augmentation Class Loader: TEST
2022-11-24 09:59:00,998 DEBUG [io.qua.boo.cla.QuarkusClassLoader] (main) Adding elements io.quarkus.bootstrap.classloading.PathTreeClassPathElement@7994a0d1 to QuarkusClassLoader Augmentation Class Loader: TEST
2022-11-24 09:59:00,998 DEBUG [io.qua.boo.cla.QuarkusClassLoader] (main) Adding elements io.quarkus.bootstrap.classloading.PathTreeClassPathElement@73e4387 to QuarkusClassLoader Augmentation Class Loader: TEST
2022-11-24 09:59:00,998 DEBUG [io.qua.boo.cla.QuarkusClassLoader] (main) Adding elements io.quarkus.bootstrap.classloading.PathTreeClassPathElement@d87d449 to QuarkusClassLoader Augmentation Class Loader: TEST
2022-11-24 09:59:00,998 DEBUG [io.qua.boo.cla.QuarkusClassLoader] (main) Adding elements io.quarkus.bootstrap.classloading.PathTreeClassPathElement@4137aab0 to QuarkusClassLoader Augmentation Class Loader: TEST
2022-11-24 09:59:00,998 DEBUG [io.qua.boo.cla.QuarkusClassLoader] (main) Adding elements io.quarkus.bootstrap.classloading.PathTreeClassPathElement@1df9186f to QuarkusClassLoader Augmentation Class Loader: TEST
2022-11-24 09:59:00,998 DEBUG [io.qua.boo.cla.QuarkusClassLoader] (main) Adding elements io.quarkus.bootstrap.classloading.PathTreeClassPathElement@682e422c to QuarkusClassLoader Augmentation Class Loader: TEST
2022-11-24 09:59:00,998 DEBUG [io.qua.boo.cla.QuarkusClassLoader] (main) Adding elements io.quarkus.bootstrap.classloading.PathTreeClassPathElement@5bb8e6fc to QuarkusClassLoader Augmentation Class Loader: TEST
2022-11-24 09:59:00,998 DEBUG [io.qua.boo.cla.QuarkusClassLoader] (main) Adding elements io.quarkus.bootstrap.classloading.PathTreeClassPathElement@2726a511 to QuarkusClassLoader Augmentation Class Loader: TEST
2022-11-24 09:59:00,998 DEBUG [io.qua.boo.cla.QuarkusClassLoader] (main) Adding elements io.quarkus.bootstrap.classloading.PathTreeClassPathElement@72c9ebfa to QuarkusClassLoader Augmentation Class Loader: TEST
2022-11-24 09:59:00,999 DEBUG [io.qua.boo.cla.QuarkusClassLoader] (main) Adding elements io.quarkus.bootstrap.classloading.PathTreeClassPathElement@686cf8ad to QuarkusClassLoader Augmentation Class Loader: TEST
[...]
2022-11-24 09:59:07,200 DEBUG [org.apa.htt.wire] (main)  >> "Content-Type: application/json[\r][\n]"
2022-11-24 09:59:07,200 DEBUG [org.apa.htt.wire] (main)  >> "Accept: */*[\r][\n]"
2022-11-24 09:59:07,200 DEBUG [org.apa.htt.wire] (main)  >> "Content-Length: 0[\r][\n]"
2022-11-24 09:59:07,200 DEBUG [org.apa.htt.wire] (main)  >> "Host: localhost:8081[\r][\n]"
2022-11-24 09:59:07,200 DEBUG [org.apa.htt.wire] (main)  >> "Connection: Keep-Alive[\r][\n]"
2022-11-24 09:59:07,200 DEBUG [org.apa.htt.wire] (main)  >> "User-Agent: Apache-HttpClient/4.5.13 (Java/19)[\r][\n]"
2022-11-24 09:59:07,200 DEBUG [org.apa.htt.wire] (main)  >> "Accept-Encoding: gzip,deflate[\r][\n]"
2022-11-24 09:59:07,200 DEBUG [org.apa.htt.wire] (main)  >> "[\r][\n]"
2022-11-24 09:59:07,200 DEBUG [org.apa.htt.headers] (main) >> POST /ingredients/Schweps%7D HTTP/1.1
2022-11-24 09:59:07,200 DEBUG [org.apa.htt.headers] (main) >> Content-Type: application/json
2022-11-24 09:59:07,200 DEBUG [org.apa.htt.headers] (main) >> Accept: */*
2022-11-24 09:59:07,200 DEBUG [org.apa.htt.headers] (main) >> Content-Length: 0
2022-11-24 09:59:07,200 DEBUG [org.apa.htt.headers] (main) >> Host: localhost:8081
2022-11-24 09:59:07,200 DEBUG [org.apa.htt.headers] (main) >> Connection: Keep-Alive
2022-11-24 09:59:07,200 DEBUG [org.apa.htt.headers] (main) >> User-Agent: Apache-HttpClient/4.5.13 (Java/19)
2022-11-24 09:59:07,200 DEBUG [org.apa.htt.headers] (main) >> Accept-Encoding: gzip,deflate
2022-11-24 09:59:07,202 DEBUG [org.jbo.res.res.i18n] (executor-thread-0) RESTEASY002315: PathInfo: /ingredients/Schweps}
2022-11-24 09:59:07,203 DEBUG [org.jbo.res.res.i18n] (executor-thread-0) MessageBodyWriter: org.jboss.resteasy.core.providerfactory.SortedKey
2022-11-24 09:59:07,203 DEBUG [org.jbo.res.res.i18n] (executor-thread-0) MessageBodyWriter: org.jboss.resteasy.plugins.providers.StringTextStar
2022-11-24 09:59:07,203 DEBUG [org.jbo.res.res.i18n] (executor-thread-0) MessageBodyWriter: org.jboss.resteasy.plugins.providers.StringTextStar
2022-11-24 09:59:07,203 DEBUG [org.jbo.res.res.i18n] (executor-thread-0) MessageBodyWriter: org.jboss.resteasy.core.providerfactory.SortedKey
2022-11-24 09:59:07,203 DEBUG [org.jbo.res.res.i18n] (executor-thread-0) Interceptor Context: org.jboss.resteasy.core.interception.jaxrs.ServerWriterInterceptorContext,  Method : proceed
2022-11-24 09:59:07,203 DEBUG [org.jbo.res.res.i18n] (executor-thread-0) MessageBodyWriter: org.jboss.resteasy.core.providerfactory.SortedKey
2022-11-24 09:59:07,203 DEBUG [org.jbo.res.res.i18n] (executor-thread-0) MessageBodyWriter: org.jboss.resteasy.plugins.providers.StringTextStar
2022-11-24 09:59:07,203 DEBUG [org.apa.htt.wire] (main)  << "HTTP/1.1 200 OK[\r][\n]"
2022-11-24 09:59:07,204 DEBUG [org.apa.htt.wire] (main)  << "Content-Type: text/plain;charset=UTF-8[\r][\n]"
2022-11-24 09:59:07,204 DEBUG [org.apa.htt.wire] (main)  << "content-length: 38[\r][\n]"
2022-11-24 09:59:07,204 DEBUG [org.apa.htt.wire] (main)  << "[\r][\n]"
2022-11-24 09:59:07,204 DEBUG [org.apa.htt.imp.con.DefaultClientConnection] (main) Receiving response: HTTP/1.1 200 OK
2022-11-24 09:59:07,204 DEBUG [org.apa.htt.headers] (main) << HTTP/1.1 200 OK
2022-11-24 09:59:07,204 DEBUG [org.apa.htt.headers] (main) << Content-Type: text/plain;charset=UTF-8
2022-11-24 09:59:07,204 DEBUG [org.apa.htt.headers] (main) << content-length: 38
2022-11-24 09:59:07,204 DEBUG [org.apa.htt.imp.cli.DefaultHttpClient] (main) Connection can be kept alive indefinitely
2022-11-24 09:59:07,204 DEBUG [io.res.int.RequestSpecificationImpl$RestAssuredHttpBuilder] (main) Parsing response as: text/plain;charset=UTF-8
2022-11-24 09:59:07,204 DEBUG [io.res.int.RequestSpecificationImpl$RestAssuredHttpBuilder] (main) Parsed data to instance of: class org.apache.http.conn.EofSensorInputStream
2022-11-24 09:59:07,237 DEBUG [org.apa.htt.wire] (main)  << "Ingredient has been added successfully"
2022-11-24 09:59:07,238 DEBUG [org.apa.htt.imp.con.BasicClientConnectionManager] (main) Releasing connection org.apache.http.impl.conn.ManagedClientConnectionImpl@2202e978
2022-11-24 09:59:07,238 DEBUG [org.apa.htt.imp.con.BasicClientConnectionManager] (main) Connection can be kept alive indefinitely
]]></system-out>
  </testcase>
  <testcase name="testDeleteIngredient" classname="de.hsos.swa.mocktail.ECB.boundry.IngredientResourceTest" time="0.067">
    <system-out><![CDATA[2022-11-24 09:59:07,301 DEBUG [org.apa.htt.imp.con.BasicClientConnectionManager] (main) Get connection for route {}->http://localhost:8081
2022-11-24 09:59:07,301 DEBUG [org.apa.htt.imp.con.DefaultClientConnectionOperator] (main) Connecting to localhost:8081
2022-11-24 09:59:07,310 DEBUG [org.apa.htt.cli.pro.RequestAddCookies] (main) CookieSpec selected: ignoreCookies
2022-11-24 09:59:07,310 DEBUG [org.apa.htt.cli.pro.RequestAuthCache] (main) Auth cache not set in the context
2022-11-24 09:59:07,310 DEBUG [org.apa.htt.cli.pro.RequestTargetAuthentication] (main) Target auth state: UNCHALLENGED
2022-11-24 09:59:07,310 DEBUG [org.apa.htt.cli.pro.RequestProxyAuthentication] (main) Proxy auth state: UNCHALLENGED
2022-11-24 09:59:07,310 DEBUG [org.apa.htt.imp.cli.DefaultHttpClient] (main) Attempt 1 to execute request
2022-11-24 09:59:07,310 DEBUG [org.apa.htt.imp.con.DefaultClientConnection] (main) Sending request: DELETE /ingredients/0 HTTP/1.1
2022-11-24 09:59:07,310 DEBUG [org.apa.htt.wire] (main)  >> "DELETE /ingredients/0 HTTP/1.1[\r][\n]"
2022-11-24 09:59:07,310 DEBUG [org.apa.htt.wire] (main)  >> "Content-Type: application/json[\r][\n]"
2022-11-24 09:59:07,310 DEBUG [org.apa.htt.wire] (main)  >> "Accept: */*[\r][\n]"
2022-11-24 09:59:07,310 DEBUG [org.apa.htt.wire] (main)  >> "Host: localhost:8081[\r][\n]"
2022-11-24 09:59:07,310 DEBUG [org.apa.htt.wire] (main)  >> "Connection: Keep-Alive[\r][\n]"
2022-11-24 09:59:07,310 DEBUG [org.apa.htt.wire] (main)  >> "User-Agent: Apache-HttpClient/4.5.13 (Java/19)[\r][\n]"
2022-11-24 09:59:07,310 DEBUG [org.apa.htt.wire] (main)  >> "Accept-Encoding: gzip,deflate[\r][\n]"
2022-11-24 09:59:07,310 DEBUG [org.apa.htt.wire] (main)  >> "[\r][\n]"
2022-11-24 09:59:07,311 DEBUG [org.apa.htt.headers] (main) >> DELETE /ingredients/0 HTTP/1.1
2022-11-24 09:59:07,311 DEBUG [org.apa.htt.headers] (main) >> Content-Type: application/json
2022-11-24 09:59:07,311 DEBUG [org.apa.htt.headers] (main) >> Accept: */*
2022-11-24 09:59:07,311 DEBUG [org.apa.htt.headers] (main) >> Host: localhost:8081
2022-11-24 09:59:07,311 DEBUG [org.apa.htt.headers] (main) >> Connection: Keep-Alive
2022-11-24 09:59:07,311 DEBUG [org.apa.htt.headers] (main) >> User-Agent: Apache-HttpClient/4.5.13 (Java/19)
2022-11-24 09:59:07,311 DEBUG [org.apa.htt.headers] (main) >> Accept-Encoding: gzip,deflate
2022-11-24 09:59:07,313 DEBUG [org.jbo.res.res.i18n] (executor-thread-0) RESTEASY002315: PathInfo: /ingredients/0
2022-11-24 09:59:07,313 DEBUG [org.jbo.res.res.i18n] (executor-thread-0) MessageBodyWriter: org.jboss.resteasy.core.providerfactory.SortedKey
2022-11-24 09:59:07,313 DEBUG [org.jbo.res.res.i18n] (executor-thread-0) MessageBodyWriter: org.jboss.resteasy.plugins.providers.StringTextStar
2022-11-24 09:59:07,313 DEBUG [org.jbo.res.res.i18n] (executor-thread-0) MessageBodyWriter: org.jboss.resteasy.plugins.providers.StringTextStar
2022-11-24 09:59:07,313 DEBUG [org.jbo.res.res.i18n] (executor-thread-0) MessageBodyWriter: org.jboss.resteasy.core.providerfactory.SortedKey
2022-11-24 09:59:07,313 DEBUG [org.jbo.res.res.i18n] (executor-thread-0) Interceptor Context: org.jboss.resteasy.core.interception.jaxrs.ServerWriterInterceptorContext,  Method : proceed
2022-11-24 09:59:07,313 DEBUG [org.jbo.res.res.i18n] (executor-thread-0) MessageBodyWriter: org.jboss.resteasy.core.providerfactory.SortedKey
2022-11-24 09:59:07,313 DEBUG [org.jbo.res.res.i18n] (executor-thread-0) MessageBodyWriter: org.jboss.resteasy.plugins.providers.StringTextStar
2022-11-24 09:59:07,319 DEBUG [org.apa.htt.wire] (main)  << "HTTP/1.1 200 OK[\r][\n]"
2022-11-24 09:59:07,320 DEBUG [org.apa.htt.wire] (main)  << "Content-Type: text/plain;charset=UTF-8[\r][\n]"
2022-11-24 09:59:07,320 DEBUG [org.apa.htt.wire] (main)  << "content-length: 40[\r][\n]"
2022-11-24 09:59:07,320 DEBUG [org.apa.htt.wire] (main)  << "[\r][\n]"
2022-11-24 09:59:07,320 DEBUG [org.apa.htt.imp.con.DefaultClientConnection] (main) Receiving response: HTTP/1.1 200 OK
2022-11-24 09:59:07,320 DEBUG [org.apa.htt.headers] (main) << HTTP/1.1 200 OK
2022-11-24 09:59:07,320 DEBUG [org.apa.htt.headers] (main) << Content-Type: text/plain;charset=UTF-8
2022-11-24 09:59:07,320 DEBUG [org.apa.htt.headers] (main) << content-length: 40
2022-11-24 09:59:07,320 DEBUG [org.apa.htt.imp.cli.DefaultHttpClient] (main) Connection can be kept alive indefinitely
2022-11-24 09:59:07,320 DEBUG [io.res.int.RequestSpecificationImpl$RestAssuredHttpBuilder] (main) Parsing response as: text/plain;charset=UTF-8
2022-11-24 09:59:07,320 DEBUG [io.res.int.RequestSpecificationImpl$RestAssuredHttpBuilder] (main) Parsed data to instance of: class org.apache.http.conn.EofSensorInputStream
2022-11-24 09:59:07,321 DEBUG [org.apa.htt.wire] (main)  << "Ingredient has been deleted successfully"
2022-11-24 09:59:07,321 DEBUG [org.apa.htt.imp.con.BasicClientConnectionManager] (main) Releasing connection org.apache.http.impl.conn.ManagedClientConnectionImpl@4b38d912
2022-11-24 09:59:07,321 DEBUG [org.apa.htt.imp.con.BasicClientConnectionManager] (main) Connection can be kept alive indefinitely
]]></system-out>
  </testcase>
  <testcase name="testUpdateIngredient" classname="de.hsos.swa.mocktail.ECB.boundry.IngredientResourceTest" time="0.08">
    <system-out><![CDATA[2022-11-24 09:59:07,387 DEBUG [org.apa.htt.imp.con.BasicClientConnectionManager] (main) Get connection for route {}->http://localhost:8081
2022-11-24 09:59:07,387 DEBUG [org.apa.htt.imp.con.DefaultClientConnectionOperator] (main) Connecting to localhost:8081
2022-11-24 09:59:07,391 DEBUG [org.apa.htt.cli.pro.RequestAddCookies] (main) CookieSpec selected: ignoreCookies
2022-11-24 09:59:07,391 DEBUG [org.apa.htt.cli.pro.RequestAuthCache] (main) Auth cache not set in the context
2022-11-24 09:59:07,391 DEBUG [org.apa.htt.cli.pro.RequestTargetAuthentication] (main) Target auth state: UNCHALLENGED
2022-11-24 09:59:07,391 DEBUG [org.apa.htt.cli.pro.RequestProxyAuthentication] (main) Proxy auth state: UNCHALLENGED
2022-11-24 09:59:07,391 DEBUG [org.apa.htt.imp.cli.DefaultHttpClient] (main) Attempt 1 to execute request
2022-11-24 09:59:07,391 DEBUG [org.apa.htt.imp.con.DefaultClientConnection] (main) Sending request: PUT /ingredients/1?name=Moooh HTTP/1.1
2022-11-24 09:59:07,391 DEBUG [org.apa.htt.wire] (main)  >> "PUT /ingredients/1?name=Moooh HTTP/1.1[\r][\n]"
2022-11-24 09:59:07,391 DEBUG [org.apa.htt.wire] (main)  >> "Content-Type: application/json[\r][\n]"
2022-11-24 09:59:07,391 DEBUG [org.apa.htt.wire] (main)  >> "Accept: */*[\r][\n]"
2022-11-24 09:59:07,391 DEBUG [org.apa.htt.wire] (main)  >> "Content-Length: 0[\r][\n]"
2022-11-24 09:59:07,391 DEBUG [org.apa.htt.wire] (main)  >> "Host: localhost:8081[\r][\n]"
2022-11-24 09:59:07,391 DEBUG [org.apa.htt.wire] (main)  >> "Connection: Keep-Alive[\r][\n]"
2022-11-24 09:59:07,391 DEBUG [org.apa.htt.wire] (main)  >> "User-Agent: Apache-HttpClient/4.5.13 (Java/19)[\r][\n]"
2022-11-24 09:59:07,391 DEBUG [org.apa.htt.wire] (main)  >> "Accept-Encoding: gzip,deflate[\r][\n]"
2022-11-24 09:59:07,391 DEBUG [org.apa.htt.wire] (main)  >> "[\r][\n]"
2022-11-24 09:59:07,391 DEBUG [org.apa.htt.headers] (main) >> PUT /ingredients/1?name=Moooh HTTP/1.1
2022-11-24 09:59:07,391 DEBUG [org.apa.htt.headers] (main) >> Content-Type: application/json
2022-11-24 09:59:07,391 DEBUG [org.apa.htt.headers] (main) >> Accept: */*
2022-11-24 09:59:07,391 DEBUG [org.apa.htt.headers] (main) >> Content-Length: 0
2022-11-24 09:59:07,391 DEBUG [org.apa.htt.headers] (main) >> Host: localhost:8081
2022-11-24 09:59:07,391 DEBUG [org.apa.htt.headers] (main) >> Connection: Keep-Alive
2022-11-24 09:59:07,391 DEBUG [org.apa.htt.headers] (main) >> User-Agent: Apache-HttpClient/4.5.13 (Java/19)
2022-11-24 09:59:07,391 DEBUG [org.apa.htt.headers] (main) >> Accept-Encoding: gzip,deflate
2022-11-24 09:59:07,392 DEBUG [org.jbo.res.res.i18n] (executor-thread-0) RESTEASY002315: PathInfo: /ingredients/1
2022-11-24 09:59:07,393 DEBUG [org.jbo.res.res.i18n] (executor-thread-0) MessageBodyWriter: org.jboss.resteasy.core.providerfactory.SortedKey
2022-11-24 09:59:07,393 DEBUG [org.jbo.res.res.i18n] (executor-thread-0) MessageBodyWriter: org.jboss.resteasy.plugins.providers.StringTextStar
2022-11-24 09:59:07,393 DEBUG [org.jbo.res.res.i18n] (executor-thread-0) MessageBodyWriter: org.jboss.resteasy.plugins.providers.StringTextStar
2022-11-24 09:59:07,393 DEBUG [org.jbo.res.res.i18n] (executor-thread-0) MessageBodyWriter: org.jboss.resteasy.core.providerfactory.SortedKey
2022-11-24 09:59:07,393 DEBUG [org.jbo.res.res.i18n] (executor-thread-0) Interceptor Context: org.jboss.resteasy.core.interception.jaxrs.ServerWriterInterceptorContext,  Method : proceed
2022-11-24 09:59:07,393 DEBUG [org.jbo.res.res.i18n] (executor-thread-0) MessageBodyWriter: org.jboss.resteasy.core.providerfactory.SortedKey
2022-11-24 09:59:07,393 DEBUG [org.jbo.res.res.i18n] (executor-thread-0) MessageBodyWriter: org.jboss.resteasy.plugins.providers.StringTextStar
2022-11-24 09:59:07,402 DEBUG [org.apa.htt.wire] (main)  << "HTTP/1.1 200 OK[\r][\n]"
2022-11-24 09:59:07,402 DEBUG [org.apa.htt.wire] (main)  << "Content-Type: text/plain;charset=UTF-8[\r][\n]"
2022-11-24 09:59:07,402 DEBUG [org.apa.htt.wire] (main)  << "content-length: 40[\r][\n]"
2022-11-24 09:59:07,403 DEBUG [org.apa.htt.wire] (main)  << "[\r][\n]"
2022-11-24 09:59:07,403 DEBUG [org.apa.htt.imp.con.DefaultClientConnection] (main) Receiving response: HTTP/1.1 200 OK
2022-11-24 09:59:07,403 DEBUG [org.apa.htt.headers] (main) << HTTP/1.1 200 OK
2022-11-24 09:59:07,403 DEBUG [org.apa.htt.headers] (main) << Content-Type: text/plain;charset=UTF-8
2022-11-24 09:59:07,403 DEBUG [org.apa.htt.headers] (main) << content-length: 40
2022-11-24 09:59:07,403 DEBUG [org.apa.htt.imp.cli.DefaultHttpClient] (main) Connection can be kept alive indefinitely
2022-11-24 09:59:07,403 DEBUG [io.res.int.RequestSpecificationImpl$RestAssuredHttpBuilder] (main) Parsing response as: text/plain;charset=UTF-8
2022-11-24 09:59:07,403 DEBUG [io.res.int.RequestSpecificationImpl$RestAssuredHttpBuilder] (main) Parsed data to instance of: class org.apache.http.conn.EofSensorInputStream
2022-11-24 09:59:07,404 DEBUG [org.apa.htt.wire] (main)  << "Ingredient has been updated successfully"
2022-11-24 09:59:07,404 DEBUG [org.apa.htt.imp.con.BasicClientConnectionManager] (main) Releasing connection org.apache.http.impl.conn.ManagedClientConnectionImpl@4b548913
2022-11-24 09:59:07,404 DEBUG [org.apa.htt.imp.con.BasicClientConnectionManager] (main) Connection can be kept alive indefinitely
]]></system-out>
  </testcase>
  <testcase name="testGetIngredientById" classname="de.hsos.swa.mocktail.ECB.boundry.IngredientResourceTest" time="0.562">
    <system-out><![CDATA[2022-11-24 09:59:07,437 DEBUG [org.apa.htt.imp.con.BasicClientConnectionManager] (main) Get connection for route {}->http://localhost:8081
2022-11-24 09:59:07,438 DEBUG [org.apa.htt.imp.con.DefaultClientConnectionOperator] (main) Connecting to localhost:8081
2022-11-24 09:59:07,438 DEBUG [org.apa.htt.cli.pro.RequestAddCookies] (main) CookieSpec selected: ignoreCookies
2022-11-24 09:59:07,438 DEBUG [org.apa.htt.cli.pro.RequestAuthCache] (main) Auth cache not set in the context
2022-11-24 09:59:07,438 DEBUG [org.apa.htt.cli.pro.RequestTargetAuthentication] (main) Target auth state: UNCHALLENGED
2022-11-24 09:59:07,438 DEBUG [org.apa.htt.cli.pro.RequestProxyAuthentication] (main) Proxy auth state: UNCHALLENGED
2022-11-24 09:59:07,438 DEBUG [org.apa.htt.imp.cli.DefaultHttpClient] (main) Attempt 1 to execute request
2022-11-24 09:59:07,438 DEBUG [org.apa.htt.imp.con.DefaultClientConnection] (main) Sending request: GET /ingredients/1 HTTP/1.1
2022-11-24 09:59:07,438 DEBUG [org.apa.htt.wire] (main)  >> "GET /ingredients/1 HTTP/1.1[\r][\n]"
2022-11-24 09:59:07,438 DEBUG [org.apa.htt.wire] (main)  >> "Accept: */*[\r][\n]"
2022-11-24 09:59:07,438 DEBUG [org.apa.htt.wire] (main)  >> "Host: localhost:8081[\r][\n]"
2022-11-24 09:59:07,438 DEBUG [org.apa.htt.wire] (main)  >> "Connection: Keep-Alive[\r][\n]"
2022-11-24 09:59:07,438 DEBUG [org.apa.htt.wire] (main)  >> "User-Agent: Apache-HttpClient/4.5.13 (Java/19)[\r][\n]"
2022-11-24 09:59:07,438 DEBUG [org.apa.htt.wire] (main)  >> "Accept-Encoding: gzip,deflate[\r][\n]"
2022-11-24 09:59:07,438 DEBUG [org.apa.htt.wire] (main)  >> "[\r][\n]"
2022-11-24 09:59:07,438 DEBUG [org.apa.htt.headers] (main) >> GET /ingredients/1 HTTP/1.1
2022-11-24 09:59:07,438 DEBUG [org.apa.htt.headers] (main) >> Accept: */*
2022-11-24 09:59:07,438 DEBUG [org.apa.htt.headers] (main) >> Host: localhost:8081
2022-11-24 09:59:07,438 DEBUG [org.apa.htt.headers] (main) >> Connection: Keep-Alive
2022-11-24 09:59:07,438 DEBUG [org.apa.htt.headers] (main) >> User-Agent: Apache-HttpClient/4.5.13 (Java/19)
2022-11-24 09:59:07,438 DEBUG [org.apa.htt.headers] (main) >> Accept-Encoding: gzip,deflate
2022-11-24 09:59:07,439 DEBUG [org.jbo.res.res.i18n] (executor-thread-0) RESTEASY002315: PathInfo: /ingredients/1
2022-11-24 09:59:07,439 DEBUG [org.jbo.res.res.i18n] (executor-thread-0) MessageBodyWriter: org.jboss.resteasy.core.providerfactory.SortedKey
2022-11-24 09:59:07,439 DEBUG [org.jbo.res.res.i18n] (executor-thread-0) MessageBodyWriter: org.jboss.resteasy.plugins.providers.jsonb.JsonBindingProvider
2022-11-24 09:59:07,440 DEBUG [org.jbo.res.res.i18n] (executor-thread-0) MessageBodyWriter: org.jboss.resteasy.plugins.providers.jsonb.JsonBindingProvider
2022-11-24 09:59:07,440 DEBUG [org.jbo.res.res.i18n] (executor-thread-0) MessageBodyWriter: org.jboss.resteasy.core.providerfactory.SortedKey
2022-11-24 09:59:07,440 DEBUG [org.jbo.res.res.i18n] (executor-thread-0) Interceptor Context: org.jboss.resteasy.core.interception.jaxrs.ServerWriterInterceptorContext,  Method : proceed
2022-11-24 09:59:07,440 DEBUG [org.jbo.res.res.i18n] (executor-thread-0) MessageBodyWriter: org.jboss.resteasy.core.providerfactory.SortedKey
2022-11-24 09:59:07,440 DEBUG [org.jbo.res.res.i18n] (executor-thread-0) MessageBodyWriter: org.jboss.resteasy.plugins.providers.jsonb.JsonBindingProvider
2022-11-24 09:59:07,441 DEBUG [org.apa.htt.wire] (main)  << "HTTP/1.1 200 OK[\r][\n]"
2022-11-24 09:59:07,441 DEBUG [org.apa.htt.wire] (main)  << "Content-Type: application/json[\r][\n]"
2022-11-24 09:59:07,441 DEBUG [org.apa.htt.wire] (main)  << "content-length: 23[\r][\n]"
2022-11-24 09:59:07,441 DEBUG [org.apa.htt.wire] (main)  << "[\r][\n]"
2022-11-24 09:59:07,441 DEBUG [org.apa.htt.imp.con.DefaultClientConnection] (main) Receiving response: HTTP/1.1 200 OK
2022-11-24 09:59:07,441 DEBUG [org.apa.htt.headers] (main) << HTTP/1.1 200 OK
2022-11-24 09:59:07,441 DEBUG [org.apa.htt.headers] (main) << Content-Type: application/json
2022-11-24 09:59:07,441 DEBUG [org.apa.htt.headers] (main) << content-length: 23
2022-11-24 09:59:07,441 DEBUG [org.apa.htt.imp.cli.DefaultHttpClient] (main) Connection can be kept alive indefinitely
2022-11-24 09:59:07,441 DEBUG [io.res.int.RequestSpecificationImpl$RestAssuredHttpBuilder] (main) Parsing response as: application/json
2022-11-24 09:59:07,441 DEBUG [io.res.int.RequestSpecificationImpl$RestAssuredHttpBuilder] (main) Parsed data to instance of: class org.apache.http.conn.EofSensorInputStream
2022-11-24 09:59:07,480 DEBUG [org.apa.htt.wire] (main)  << "{"id":1,"name":"Moooh"}"
2022-11-24 09:59:07,480 DEBUG [org.apa.htt.imp.con.BasicClientConnectionManager] (main) Releasing connection org.apache.http.impl.conn.ManagedClientConnectionImpl@a589070
2022-11-24 09:59:07,480 DEBUG [org.apa.htt.imp.con.BasicClientConnectionManager] (main) Connection can be kept alive indefinitely
]]></system-out>
  </testcase>
</testsuite>